{"C:\\Users\\FFF\\Desktop\\PLP\\MERN\\week6\\project\\client\\src\\App.tsx": {"path":"C:\\Users\\FFF\\Desktop\\PLP\\MERN\\week6\\project\\client\\src\\App.tsx","all":true,"statementMap":{"0":{"start":{"line":1,"column":0},"end":{"line":1,"column":51}},"1":{"start":{"line":2,"column":0},"end":{"line":2,"column":52}},"2":{"start":{"line":3,"column":0},"end":{"line":3,"column":43}},"3":{"start":{"line":4,"column":0},"end":{"line":4,"column":43}},"4":{"start":{"line":5,"column":0},"end":{"line":5,"column":45}},"5":{"start":{"line":6,"column":0},"end":{"line":6,"column":55}},"6":{"start":{"line":7,"column":0},"end":{"line":7,"column":57}},"7":{"start":{"line":8,"column":0},"end":{"line":8,"column":51}},"8":{"start":{"line":9,"column":0},"end":{"line":9,"column":0}},"9":{"start":{"line":10,"column":0},"end":{"line":10,"column":16}},"10":{"start":{"line":11,"column":0},"end":{"line":11,"column":39}},"11":{"start":{"line":12,"column":0},"end":{"line":12,"column":47}},"12":{"start":{"line":13,"column":0},"end":{"line":13,"column":43}},"13":{"start":{"line":14,"column":0},"end":{"line":14,"column":50}},"14":{"start":{"line":15,"column":0},"end":{"line":15,"column":53}},"15":{"start":{"line":16,"column":0},"end":{"line":16,"column":51}},"16":{"start":{"line":17,"column":0},"end":{"line":17,"column":42}},"17":{"start":{"line":18,"column":0},"end":{"line":18,"column":15}},"18":{"start":{"line":19,"column":0},"end":{"line":19,"column":17}},"19":{"start":{"line":20,"column":0},"end":{"line":20,"column":16}},"20":{"start":{"line":21,"column":0},"end":{"line":21,"column":5}},"21":{"start":{"line":22,"column":0},"end":{"line":22,"column":0}},"22":{"start":{"line":23,"column":0},"end":{"line":23,"column":34}},"23":{"start":{"line":24,"column":0},"end":{"line":24,"column":19}},"24":{"start":{"line":25,"column":0},"end":{"line":25,"column":15}},"25":{"start":{"line":26,"column":0},"end":{"line":26,"column":16}},"26":{"start":{"line":27,"column":0},"end":{"line":27,"column":0}},"27":{"start":{"line":28,"column":0},"end":{"line":28,"column":32}},"28":{"start":{"line":29,"column":0},"end":{"line":29,"column":9}},"29":{"start":{"line":30,"column":0},"end":{"line":30,"column":23}},"30":{"start":{"line":31,"column":0},"end":{"line":31,"column":21}},"31":{"start":{"line":32,"column":0},"end":{"line":32,"column":60}},"32":{"start":{"line":33,"column":0},"end":{"line":33,"column":6}},"33":{"start":{"line":34,"column":0},"end":{"line":34,"column":57}},"34":{"start":{"line":35,"column":0},"end":{"line":35,"column":29}},"35":{"start":{"line":36,"column":0},"end":{"line":36,"column":71}},"36":{"start":{"line":37,"column":0},"end":{"line":37,"column":19}},"37":{"start":{"line":38,"column":0},"end":{"line":38,"column":51}},"38":{"start":{"line":39,"column":0},"end":{"line":39,"column":57}},"39":{"start":{"line":40,"column":0},"end":{"line":40,"column":15}},"40":{"start":{"line":41,"column":0},"end":{"line":41,"column":24}},"41":{"start":{"line":42,"column":0},"end":{"line":42,"column":5}},"42":{"start":{"line":43,"column":0},"end":{"line":43,"column":4}},"43":{"start":{"line":44,"column":0},"end":{"line":44,"column":0}},"44":{"start":{"line":45,"column":0},"end":{"line":45,"column":46}},"45":{"start":{"line":46,"column":0},"end":{"line":46,"column":9}},"46":{"start":{"line":47,"column":0},"end":{"line":47,"column":47}},"47":{"start":{"line":48,"column":0},"end":{"line":48,"column":59}},"48":{"start":{"line":49,"column":0},"end":{"line":49,"column":48}},"49":{"start":{"line":50,"column":0},"end":{"line":50,"column":25}},"50":{"start":{"line":51,"column":0},"end":{"line":51,"column":48}},"51":{"start":{"line":52,"column":0},"end":{"line":52,"column":19}},"52":{"start":{"line":53,"column":0},"end":{"line":53,"column":52}},"53":{"start":{"line":54,"column":0},"end":{"line":54,"column":16}},"54":{"start":{"line":55,"column":0},"end":{"line":55,"column":5}},"55":{"start":{"line":56,"column":0},"end":{"line":56,"column":4}},"56":{"start":{"line":57,"column":0},"end":{"line":57,"column":0}},"57":{"start":{"line":58,"column":0},"end":{"line":58,"column":50}},"58":{"start":{"line":59,"column":0},"end":{"line":59,"column":9}},"59":{"start":{"line":60,"column":0},"end":{"line":60,"column":51}},"60":{"start":{"line":61,"column":0},"end":{"line":61,"column":63}},"61":{"start":{"line":62,"column":0},"end":{"line":62,"column":38}},"62":{"start":{"line":63,"column":0},"end":{"line":63,"column":44}},"63":{"start":{"line":64,"column":0},"end":{"line":64,"column":9}},"64":{"start":{"line":65,"column":0},"end":{"line":65,"column":26}},"65":{"start":{"line":66,"column":0},"end":{"line":66,"column":48}},"66":{"start":{"line":67,"column":0},"end":{"line":67,"column":19}},"67":{"start":{"line":68,"column":0},"end":{"line":68,"column":52}},"68":{"start":{"line":69,"column":0},"end":{"line":69,"column":16}},"69":{"start":{"line":70,"column":0},"end":{"line":70,"column":5}},"70":{"start":{"line":71,"column":0},"end":{"line":71,"column":4}},"71":{"start":{"line":72,"column":0},"end":{"line":72,"column":0}},"72":{"start":{"line":73,"column":0},"end":{"line":73,"column":41}},"73":{"start":{"line":74,"column":0},"end":{"line":74,"column":9}},"74":{"start":{"line":75,"column":0},"end":{"line":75,"column":43}},"75":{"start":{"line":76,"column":0},"end":{"line":76,"column":37}},"76":{"start":{"line":77,"column":0},"end":{"line":77,"column":58}},"77":{"start":{"line":78,"column":0},"end":{"line":78,"column":48}},"78":{"start":{"line":79,"column":0},"end":{"line":79,"column":19}},"79":{"start":{"line":80,"column":0},"end":{"line":80,"column":52}},"80":{"start":{"line":81,"column":0},"end":{"line":81,"column":58}},"81":{"start":{"line":82,"column":0},"end":{"line":82,"column":5}},"82":{"start":{"line":83,"column":0},"end":{"line":83,"column":4}},"83":{"start":{"line":84,"column":0},"end":{"line":84,"column":0}},"84":{"start":{"line":85,"column":0},"end":{"line":85,"column":41}},"85":{"start":{"line":86,"column":0},"end":{"line":86,"column":65}},"86":{"start":{"line":87,"column":0},"end":{"line":87,"column":68}},"87":{"start":{"line":88,"column":0},"end":{"line":88,"column":4}},"88":{"start":{"line":89,"column":0},"end":{"line":89,"column":0}},"89":{"start":{"line":90,"column":0},"end":{"line":90,"column":10}},"90":{"start":{"line":91,"column":0},"end":{"line":91,"column":19}},"91":{"start":{"line":92,"column":0},"end":{"line":92,"column":79}},"92":{"start":{"line":93,"column":0},"end":{"line":93,"column":22}},"93":{"start":{"line":94,"column":0},"end":{"line":94,"column":72}},"94":{"start":{"line":95,"column":0},"end":{"line":95,"column":66}},"95":{"start":{"line":96,"column":0},"end":{"line":96,"column":68}},"96":{"start":{"line":97,"column":0},"end":{"line":97,"column":19}},"97":{"start":{"line":98,"column":0},"end":{"line":98,"column":81}},"98":{"start":{"line":99,"column":0},"end":{"line":99,"column":58}},"99":{"start":{"line":100,"column":0},"end":{"line":100,"column":62}},"100":{"start":{"line":101,"column":0},"end":{"line":101,"column":20}},"101":{"start":{"line":102,"column":0},"end":{"line":102,"column":20}},"102":{"start":{"line":103,"column":0},"end":{"line":103,"column":21}},"103":{"start":{"line":104,"column":0},"end":{"line":104,"column":49}},"104":{"start":{"line":105,"column":0},"end":{"line":105,"column":175}},"105":{"start":{"line":106,"column":0},"end":{"line":106,"column":15}},"106":{"start":{"line":107,"column":0},"end":{"line":107,"column":49}},"107":{"start":{"line":108,"column":0},"end":{"line":108,"column":26}},"108":{"start":{"line":109,"column":0},"end":{"line":109,"column":23}},"109":{"start":{"line":110,"column":0},"end":{"line":110,"column":18}},"110":{"start":{"line":111,"column":0},"end":{"line":111,"column":16}},"111":{"start":{"line":112,"column":0},"end":{"line":112,"column":17}},"112":{"start":{"line":113,"column":0},"end":{"line":113,"column":0}},"113":{"start":{"line":114,"column":0},"end":{"line":114,"column":69}},"114":{"start":{"line":115,"column":0},"end":{"line":115,"column":31}},"115":{"start":{"line":116,"column":0},"end":{"line":116,"column":34}},"116":{"start":{"line":117,"column":0},"end":{"line":117,"column":0}},"117":{"start":{"line":118,"column":0},"end":{"line":118,"column":36}},"118":{"start":{"line":119,"column":0},"end":{"line":119,"column":89}},"119":{"start":{"line":120,"column":0},"end":{"line":120,"column":61}},"120":{"start":{"line":121,"column":0},"end":{"line":121,"column":28}},"121":{"start":{"line":122,"column":0},"end":{"line":122,"column":47}},"122":{"start":{"line":123,"column":0},"end":{"line":123,"column":82}},"123":{"start":{"line":124,"column":0},"end":{"line":124,"column":22}},"124":{"start":{"line":125,"column":0},"end":{"line":125,"column":29}},"125":{"start":{"line":126,"column":0},"end":{"line":126,"column":46}},"126":{"start":{"line":127,"column":0},"end":{"line":127,"column":36}},"127":{"start":{"line":128,"column":0},"end":{"line":128,"column":65}},"128":{"start":{"line":129,"column":0},"end":{"line":129,"column":159}},"129":{"start":{"line":130,"column":0},"end":{"line":130,"column":18}},"130":{"start":{"line":131,"column":0},"end":{"line":131,"column":20}},"131":{"start":{"line":132,"column":0},"end":{"line":132,"column":0}},"132":{"start":{"line":133,"column":0},"end":{"line":133,"column":29}},"133":{"start":{"line":134,"column":0},"end":{"line":134,"column":42}},"134":{"start":{"line":135,"column":0},"end":{"line":135,"column":23}},"135":{"start":{"line":136,"column":0},"end":{"line":136,"column":40}},"136":{"start":{"line":137,"column":0},"end":{"line":137,"column":93}},"137":{"start":{"line":138,"column":0},"end":{"line":138,"column":145}},"138":{"start":{"line":139,"column":0},"end":{"line":139,"column":17}},"139":{"start":{"line":140,"column":0},"end":{"line":140,"column":54}},"140":{"start":{"line":141,"column":0},"end":{"line":141,"column":52}},"141":{"start":{"line":142,"column":0},"end":{"line":142,"column":66}},"142":{"start":{"line":143,"column":0},"end":{"line":143,"column":60}},"143":{"start":{"line":144,"column":0},"end":{"line":144,"column":56}},"144":{"start":{"line":145,"column":0},"end":{"line":145,"column":25}},"145":{"start":{"line":146,"column":0},"end":{"line":146,"column":0}},"146":{"start":{"line":147,"column":0},"end":{"line":147,"column":23}},"147":{"start":{"line":148,"column":0},"end":{"line":148,"column":42}},"148":{"start":{"line":149,"column":0},"end":{"line":149,"column":95}},"149":{"start":{"line":150,"column":0},"end":{"line":150,"column":145}},"150":{"start":{"line":151,"column":0},"end":{"line":151,"column":17}},"151":{"start":{"line":152,"column":0},"end":{"line":152,"column":56}},"152":{"start":{"line":153,"column":0},"end":{"line":153,"column":50}},"153":{"start":{"line":154,"column":0},"end":{"line":154,"column":56}},"154":{"start":{"line":155,"column":0},"end":{"line":155,"column":52}},"155":{"start":{"line":156,"column":0},"end":{"line":156,"column":60}},"156":{"start":{"line":157,"column":0},"end":{"line":157,"column":25}},"157":{"start":{"line":158,"column":0},"end":{"line":158,"column":0}},"158":{"start":{"line":159,"column":0},"end":{"line":159,"column":23}},"159":{"start":{"line":160,"column":0},"end":{"line":160,"column":42}},"160":{"start":{"line":161,"column":0},"end":{"line":161,"column":95}},"161":{"start":{"line":162,"column":0},"end":{"line":162,"column":145}},"162":{"start":{"line":163,"column":0},"end":{"line":163,"column":17}},"163":{"start":{"line":164,"column":0},"end":{"line":164,"column":56}},"164":{"start":{"line":165,"column":0},"end":{"line":165,"column":50}},"165":{"start":{"line":166,"column":0},"end":{"line":166,"column":56}},"166":{"start":{"line":167,"column":0},"end":{"line":167,"column":52}},"167":{"start":{"line":168,"column":0},"end":{"line":168,"column":25}},"168":{"start":{"line":169,"column":0},"end":{"line":169,"column":20}},"169":{"start":{"line":170,"column":0},"end":{"line":170,"column":18}},"170":{"start":{"line":171,"column":0},"end":{"line":171,"column":16}},"171":{"start":{"line":172,"column":0},"end":{"line":172,"column":0}},"172":{"start":{"line":173,"column":0},"end":{"line":173,"column":31}},"173":{"start":{"line":174,"column":0},"end":{"line":174,"column":21}},"174":{"start":{"line":175,"column":0},"end":{"line":175,"column":100}},"175":{"start":{"line":176,"column":0},"end":{"line":176,"column":21}},"176":{"start":{"line":177,"column":0},"end":{"line":177,"column":18}},"177":{"start":{"line":178,"column":0},"end":{"line":178,"column":12}},"178":{"start":{"line":179,"column":0},"end":{"line":179,"column":0}},"179":{"start":{"line":180,"column":0},"end":{"line":180,"column":31}},"180":{"start":{"line":181,"column":0},"end":{"line":181,"column":22}},"181":{"start":{"line":182,"column":0},"end":{"line":182,"column":30}},"182":{"start":{"line":183,"column":0},"end":{"line":183,"column":15}},"183":{"start":{"line":184,"column":0},"end":{"line":184,"column":20}},"184":{"start":{"line":185,"column":0},"end":{"line":185,"column":33}},"185":{"start":{"line":186,"column":0},"end":{"line":186,"column":36}},"186":{"start":{"line":187,"column":0},"end":{"line":187,"column":40}},"187":{"start":{"line":188,"column":0},"end":{"line":188,"column":14}},"188":{"start":{"line":189,"column":0},"end":{"line":189,"column":12}},"189":{"start":{"line":190,"column":0},"end":{"line":190,"column":0}},"190":{"start":{"line":191,"column":0},"end":{"line":191,"column":32}},"191":{"start":{"line":192,"column":0},"end":{"line":192,"column":40}},"192":{"start":{"line":193,"column":0},"end":{"line":193,"column":20}},"193":{"start":{"line":194,"column":0},"end":{"line":194,"column":30}},"194":{"start":{"line":195,"column":0},"end":{"line":195,"column":37}},"195":{"start":{"line":196,"column":0},"end":{"line":196,"column":66}},"196":{"start":{"line":197,"column":0},"end":{"line":197,"column":31}},"197":{"start":{"line":198,"column":0},"end":{"line":198,"column":15}},"198":{"start":{"line":199,"column":0},"end":{"line":199,"column":31}},"199":{"start":{"line":200,"column":0},"end":{"line":200,"column":35}},"200":{"start":{"line":201,"column":0},"end":{"line":201,"column":36}},"201":{"start":{"line":202,"column":0},"end":{"line":202,"column":16}},"202":{"start":{"line":203,"column":0},"end":{"line":203,"column":14}},"203":{"start":{"line":204,"column":0},"end":{"line":204,"column":12}},"204":{"start":{"line":205,"column":0},"end":{"line":205,"column":14}},"205":{"start":{"line":206,"column":0},"end":{"line":206,"column":12}},"206":{"start":{"line":207,"column":0},"end":{"line":207,"column":20}},"207":{"start":{"line":208,"column":0},"end":{"line":208,"column":4}},"208":{"start":{"line":209,"column":0},"end":{"line":209,"column":1}},"209":{"start":{"line":210,"column":0},"end":{"line":210,"column":0}},"210":{"start":{"line":211,"column":0},"end":{"line":211,"column":19}}},"s":{"0":0,"1":0,"2":0,"3":0,"4":0,"5":0,"6":0,"7":0,"8":0,"9":0,"10":0,"11":0,"12":0,"13":0,"14":0,"15":0,"16":0,"17":0,"18":0,"19":0,"20":0,"21":0,"22":0,"23":0,"24":0,"25":0,"26":0,"27":0,"28":0,"29":0,"30":0,"31":0,"32":0,"33":0,"34":0,"35":0,"36":0,"37":0,"38":0,"39":0,"40":0,"41":0,"42":0,"43":0,"44":0,"45":0,"46":0,"47":0,"48":0,"49":0,"50":0,"51":0,"52":0,"53":0,"54":0,"55":0,"56":0,"57":0,"58":0,"59":0,"60":0,"61":0,"62":0,"63":0,"64":0,"65":0,"66":0,"67":0,"68":0,"69":0,"70":0,"71":0,"72":0,"73":0,"74":0,"75":0,"76":0,"77":0,"78":0,"79":0,"80":0,"81":0,"82":0,"83":0,"84":0,"85":0,"86":0,"87":0,"88":0,"89":0,"90":0,"91":0,"92":0,"93":0,"94":0,"95":0,"96":0,"97":0,"98":0,"99":0,"100":0,"101":0,"102":0,"103":0,"104":0,"105":0,"106":0,"107":0,"108":0,"109":0,"110":0,"111":0,"112":0,"113":0,"114":0,"115":0,"116":0,"117":0,"118":0,"119":0,"120":0,"121":0,"122":0,"123":0,"124":0,"125":0,"126":0,"127":0,"128":0,"129":0,"130":0,"131":0,"132":0,"133":0,"134":0,"135":0,"136":0,"137":0,"138":0,"139":0,"140":0,"141":0,"142":0,"143":0,"144":0,"145":0,"146":0,"147":0,"148":0,"149":0,"150":0,"151":0,"152":0,"153":0,"154":0,"155":0,"156":0,"157":0,"158":0,"159":0,"160":0,"161":0,"162":0,"163":0,"164":0,"165":0,"166":0,"167":0,"168":0,"169":0,"170":0,"171":0,"172":0,"173":0,"174":0,"175":0,"176":0,"177":0,"178":0,"179":0,"180":0,"181":0,"182":0,"183":0,"184":0,"185":0,"186":0,"187":0,"188":0,"189":0,"190":0,"191":0,"192":0,"193":0,"194":0,"195":0,"196":0,"197":0,"198":0,"199":0,"200":0,"201":0,"202":0,"203":0,"204":0,"205":0,"206":0,"207":0,"208":0,"209":0,"210":0},"branchMap":{"0":{"type":"branch","line":1,"loc":{"start":{"line":1,"column":0},"end":{"line":211,"column":-3325}},"locations":[{"start":{"line":1,"column":0},"end":{"line":211,"column":-3325}}]}},"b":{"0":[0]},"fnMap":{"0":{"name":"(empty-report)","decl":{"start":{"line":1,"column":0},"end":{"line":211,"column":-3325}},"loc":{"start":{"line":1,"column":0},"end":{"line":211,"column":-3325}},"line":1}},"f":{"0":0}}
,"C:\\Users\\FFF\\Desktop\\PLP\\MERN\\week6\\project\\client\\src\\main.tsx": {"path":"C:\\Users\\FFF\\Desktop\\PLP\\MERN\\week6\\project\\client\\src\\main.tsx","all":true,"statementMap":{"0":{"start":{"line":1,"column":0},"end":{"line":1,"column":35}},"1":{"start":{"line":2,"column":0},"end":{"line":2,"column":46}},"2":{"start":{"line":3,"column":0},"end":{"line":3,"column":28}},"3":{"start":{"line":4,"column":0},"end":{"line":4,"column":21}},"4":{"start":{"line":5,"column":0},"end":{"line":5,"column":0}},"5":{"start":{"line":6,"column":0},"end":{"line":6,"column":52}},"6":{"start":{"line":7,"column":0},"end":{"line":7,"column":14}},"7":{"start":{"line":8,"column":0},"end":{"line":8,"column":11}},"8":{"start":{"line":9,"column":0},"end":{"line":9,"column":15}},"9":{"start":{"line":10,"column":0},"end":{"line":10,"column":2}}},"s":{"0":0,"1":0,"2":0,"3":0,"4":0,"5":0,"6":0,"7":0,"8":0,"9":0},"branchMap":{"0":{"type":"branch","line":1,"loc":{"start":{"line":1,"column":233},"end":{"line":10,"column":2}},"locations":[{"start":{"line":1,"column":233},"end":{"line":10,"column":2}}]}},"b":{"0":[0]},"fnMap":{"0":{"name":"(empty-report)","decl":{"start":{"line":1,"column":233},"end":{"line":10,"column":2}},"loc":{"start":{"line":1,"column":233},"end":{"line":10,"column":2}},"line":1}},"f":{"0":0}}
,"C:\\Users\\FFF\\Desktop\\PLP\\MERN\\week6\\project\\client\\src\\components\\BugForm.jsx": {"path":"C:\\Users\\FFF\\Desktop\\PLP\\MERN\\week6\\project\\client\\src\\components\\BugForm.jsx","all":false,"statementMap":{"0":{"start":{"line":1,"column":0},"end":{"line":1,"column":51}},"1":{"start":{"line":2,"column":0},"end":{"line":2,"column":33}},"2":{"start":{"line":3,"column":0},"end":{"line":3,"column":0}},"3":{"start":{"line":4,"column":0},"end":{"line":4,"column":50}},"4":{"start":{"line":5,"column":0},"end":{"line":5,"column":44}},"5":{"start":{"line":6,"column":0},"end":{"line":6,"column":14}},"6":{"start":{"line":7,"column":0},"end":{"line":7,"column":20}},"7":{"start":{"line":8,"column":0},"end":{"line":8,"column":23}},"8":{"start":{"line":9,"column":0},"end":{"line":9,"column":19}},"9":{"start":{"line":10,"column":0},"end":{"line":10,"column":23}},"10":{"start":{"line":11,"column":0},"end":{"line":11,"column":19}},"11":{"start":{"line":12,"column":0},"end":{"line":12,"column":19}},"12":{"start":{"line":13,"column":0},"end":{"line":13,"column":20}},"13":{"start":{"line":14,"column":0},"end":{"line":14,"column":24}},"14":{"start":{"line":15,"column":0},"end":{"line":15,"column":5}},"15":{"start":{"line":16,"column":0},"end":{"line":16,"column":43}},"16":{"start":{"line":17,"column":0},"end":{"line":17,"column":48}},"17":{"start":{"line":18,"column":0},"end":{"line":18,"column":0}},"18":{"start":{"line":19,"column":0},"end":{"line":19,"column":19}},"19":{"start":{"line":20,"column":0},"end":{"line":20,"column":14}},"20":{"start":{"line":21,"column":0},"end":{"line":21,"column":19}},"21":{"start":{"line":22,"column":0},"end":{"line":22,"column":31}},"22":{"start":{"line":23,"column":0},"end":{"line":23,"column":43}},"23":{"start":{"line":24,"column":0},"end":{"line":24,"column":43}},"24":{"start":{"line":25,"column":0},"end":{"line":25,"column":37}},"25":{"start":{"line":26,"column":0},"end":{"line":26,"column":43}},"26":{"start":{"line":27,"column":0},"end":{"line":27,"column":41}},"27":{"start":{"line":28,"column":0},"end":{"line":28,"column":41}},"28":{"start":{"line":29,"column":0},"end":{"line":29,"column":43}},"29":{"start":{"line":30,"column":0},"end":{"line":30,"column":52}},"30":{"start":{"line":31,"column":0},"end":{"line":31,"column":9}},"31":{"start":{"line":32,"column":0},"end":{"line":32,"column":5}},"32":{"start":{"line":33,"column":0},"end":{"line":33,"column":12}},"33":{"start":{"line":34,"column":0},"end":{"line":34,"column":0}},"34":{"start":{"line":35,"column":0},"end":{"line":35,"column":30}},"35":{"start":{"line":36,"column":0},"end":{"line":36,"column":25}},"36":{"start":{"line":37,"column":0},"end":{"line":37,"column":0}},"37":{"start":{"line":38,"column":0},"end":{"line":38,"column":33}},"38":{"start":{"line":39,"column":0},"end":{"line":39,"column":44}},"39":{"start":{"line":40,"column":0},"end":{"line":40,"column":45}},"40":{"start":{"line":41,"column":0},"end":{"line":41,"column":61}},"41":{"start":{"line":42,"column":0},"end":{"line":42,"column":5}},"42":{"start":{"line":43,"column":0},"end":{"line":43,"column":0}},"43":{"start":{"line":44,"column":0},"end":{"line":44,"column":39}},"44":{"start":{"line":45,"column":0},"end":{"line":45,"column":56}},"45":{"start":{"line":46,"column":0},"end":{"line":46,"column":52}},"46":{"start":{"line":47,"column":0},"end":{"line":47,"column":74}},"47":{"start":{"line":48,"column":0},"end":{"line":48,"column":5}},"48":{"start":{"line":49,"column":0},"end":{"line":49,"column":0}},"49":{"start":{"line":50,"column":0},"end":{"line":50,"column":38}},"50":{"start":{"line":51,"column":0},"end":{"line":51,"column":52}},"51":{"start":{"line":52,"column":0},"end":{"line":52,"column":5}},"52":{"start":{"line":53,"column":0},"end":{"line":53,"column":0}},"53":{"start":{"line":54,"column":0},"end":{"line":54,"column":25}},"54":{"start":{"line":55,"column":0},"end":{"line":55,"column":47}},"55":{"start":{"line":56,"column":0},"end":{"line":56,"column":4}},"56":{"start":{"line":57,"column":0},"end":{"line":57,"column":0}},"57":{"start":{"line":58,"column":0},"end":{"line":58,"column":37}},"58":{"start":{"line":59,"column":0},"end":{"line":59,"column":23}},"59":{"start":{"line":60,"column":0},"end":{"line":60,"column":4}},"60":{"start":{"line":61,"column":0},"end":{"line":61,"column":26}},"61":{"start":{"line":62,"column":0},"end":{"line":62,"column":13}},"62":{"start":{"line":63,"column":0},"end":{"line":63,"column":5}},"63":{"start":{"line":64,"column":0},"end":{"line":64,"column":0}},"64":{"start":{"line":65,"column":0},"end":{"line":65,"column":21}},"65":{"start":{"line":66,"column":0},"end":{"line":66,"column":9}},"66":{"start":{"line":67,"column":0},"end":{"line":67,"column":31}},"67":{"start":{"line":68,"column":0},"end":{"line":68,"column":21}},"68":{"start":{"line":69,"column":0},"end":{"line":69,"column":53}},"69":{"start":{"line":70,"column":0},"end":{"line":70,"column":41}},"70":{"start":{"line":71,"column":0},"end":{"line":71,"column":32}},"71":{"start":{"line":72,"column":0},"end":{"line":72,"column":51}},"72":{"start":{"line":73,"column":0},"end":{"line":73,"column":71}},"73":{"start":{"line":74,"column":0},"end":{"line":74,"column":83}},"74":{"start":{"line":75,"column":0},"end":{"line":75,"column":90}},"75":{"start":{"line":76,"column":0},"end":{"line":76,"column":36}},"76":{"start":{"line":77,"column":0},"end":{"line":77,"column":11}},"77":{"start":{"line":78,"column":0},"end":{"line":78,"column":32}},"78":{"start":{"line":79,"column":0},"end":{"line":79,"column":14}},"79":{"start":{"line":80,"column":0},"end":{"line":80,"column":72}},"80":{"start":{"line":81,"column":0},"end":{"line":81,"column":7}},"81":{"start":{"line":82,"column":0},"end":{"line":82,"column":15}},"82":{"start":{"line":83,"column":0},"end":{"line":83,"column":24}},"83":{"start":{"line":84,"column":0},"end":{"line":84,"column":5}},"84":{"start":{"line":85,"column":0},"end":{"line":85,"column":4}},"85":{"start":{"line":86,"column":0},"end":{"line":86,"column":0}},"86":{"start":{"line":87,"column":0},"end":{"line":87,"column":31}},"87":{"start":{"line":88,"column":0},"end":{"line":88,"column":37}},"88":{"start":{"line":89,"column":0},"end":{"line":89,"column":54}},"89":{"start":{"line":90,"column":0},"end":{"line":90,"column":4}},"90":{"start":{"line":91,"column":0},"end":{"line":91,"column":42}},"91":{"start":{"line":92,"column":0},"end":{"line":92,"column":23}},"92":{"start":{"line":93,"column":0},"end":{"line":93,"column":51}},"93":{"start":{"line":94,"column":0},"end":{"line":94,"column":5}},"94":{"start":{"line":95,"column":0},"end":{"line":95,"column":4}},"95":{"start":{"line":96,"column":0},"end":{"line":96,"column":0}},"96":{"start":{"line":97,"column":0},"end":{"line":97,"column":10}},"97":{"start":{"line":98,"column":0},"end":{"line":98,"column":100}},"98":{"start":{"line":99,"column":0},"end":{"line":99,"column":99}},"99":{"start":{"line":100,"column":0},"end":{"line":100,"column":88}},"100":{"start":{"line":101,"column":0},"end":{"line":101,"column":62}},"101":{"start":{"line":102,"column":0},"end":{"line":102,"column":49}},"102":{"start":{"line":103,"column":0},"end":{"line":103,"column":15}},"103":{"start":{"line":104,"column":0},"end":{"line":104,"column":17}},"104":{"start":{"line":105,"column":0},"end":{"line":105,"column":30}},"105":{"start":{"line":106,"column":0},"end":{"line":106,"column":74}},"106":{"start":{"line":107,"column":0},"end":{"line":107,"column":11}},"107":{"start":{"line":108,"column":0},"end":{"line":108,"column":37}},"108":{"start":{"line":109,"column":0},"end":{"line":109,"column":19}},"109":{"start":{"line":110,"column":0},"end":{"line":110,"column":14}},"110":{"start":{"line":111,"column":0},"end":{"line":111,"column":0}},"111":{"start":{"line":112,"column":0},"end":{"line":112,"column":64}},"112":{"start":{"line":113,"column":0},"end":{"line":113,"column":30}},"113":{"start":{"line":114,"column":0},"end":{"line":114,"column":95}},"114":{"start":{"line":115,"column":0},"end":{"line":115,"column":30}},"115":{"start":{"line":116,"column":0},"end":{"line":116,"column":18}},"116":{"start":{"line":117,"column":0},"end":{"line":117,"column":12}},"117":{"start":{"line":118,"column":0},"end":{"line":118,"column":0}},"118":{"start":{"line":119,"column":0},"end":{"line":119,"column":65}},"119":{"start":{"line":120,"column":0},"end":{"line":120,"column":43}},"120":{"start":{"line":121,"column":0},"end":{"line":121,"column":94}},"121":{"start":{"line":122,"column":0},"end":{"line":122,"column":27}},"122":{"start":{"line":123,"column":0},"end":{"line":123,"column":22}},"123":{"start":{"line":124,"column":0},"end":{"line":124,"column":20}},"124":{"start":{"line":125,"column":0},"end":{"line":125,"column":27}},"125":{"start":{"line":126,"column":0},"end":{"line":126,"column":26}},"126":{"start":{"line":127,"column":0},"end":{"line":127,"column":28}},"127":{"start":{"line":128,"column":0},"end":{"line":128,"column":38}},"128":{"start":{"line":129,"column":0},"end":{"line":129,"column":39}},"129":{"start":{"line":130,"column":0},"end":{"line":130,"column":138}},"130":{"start":{"line":131,"column":0},"end":{"line":131,"column":69}},"131":{"start":{"line":132,"column":0},"end":{"line":132,"column":19}},"132":{"start":{"line":133,"column":0},"end":{"line":133,"column":67}},"133":{"start":{"line":134,"column":0},"end":{"line":134,"column":16}},"134":{"start":{"line":135,"column":0},"end":{"line":135,"column":32}},"135":{"start":{"line":136,"column":0},"end":{"line":136,"column":75}},"136":{"start":{"line":137,"column":0},"end":{"line":137,"column":16}},"137":{"start":{"line":138,"column":0},"end":{"line":138,"column":18}},"138":{"start":{"line":139,"column":0},"end":{"line":139,"column":0}},"139":{"start":{"line":140,"column":0},"end":{"line":140,"column":43}},"140":{"start":{"line":141,"column":0},"end":{"line":141,"column":100}},"141":{"start":{"line":142,"column":0},"end":{"line":142,"column":29}},"142":{"start":{"line":143,"column":0},"end":{"line":143,"column":22}},"143":{"start":{"line":144,"column":0},"end":{"line":144,"column":23}},"144":{"start":{"line":145,"column":0},"end":{"line":145,"column":32}},"145":{"start":{"line":146,"column":0},"end":{"line":146,"column":34}},"146":{"start":{"line":147,"column":0},"end":{"line":147,"column":44}},"147":{"start":{"line":148,"column":0},"end":{"line":148,"column":39}},"148":{"start":{"line":149,"column":0},"end":{"line":149,"column":24}},"149":{"start":{"line":150,"column":0},"end":{"line":150,"column":138}},"150":{"start":{"line":151,"column":0},"end":{"line":151,"column":75}},"151":{"start":{"line":152,"column":0},"end":{"line":152,"column":19}},"152":{"start":{"line":153,"column":0},"end":{"line":153,"column":56}},"153":{"start":{"line":154,"column":0},"end":{"line":154,"column":16}},"154":{"start":{"line":155,"column":0},"end":{"line":155,"column":38}},"155":{"start":{"line":156,"column":0},"end":{"line":156,"column":81}},"156":{"start":{"line":157,"column":0},"end":{"line":157,"column":16}},"157":{"start":{"line":158,"column":0},"end":{"line":158,"column":18}},"158":{"start":{"line":159,"column":0},"end":{"line":159,"column":0}},"159":{"start":{"line":160,"column":0},"end":{"line":160,"column":17}},"160":{"start":{"line":161,"column":0},"end":{"line":161,"column":97}},"161":{"start":{"line":162,"column":0},"end":{"line":162,"column":24}},"162":{"start":{"line":163,"column":0},"end":{"line":163,"column":22}},"163":{"start":{"line":164,"column":0},"end":{"line":164,"column":21}},"164":{"start":{"line":165,"column":0},"end":{"line":165,"column":29}},"165":{"start":{"line":166,"column":0},"end":{"line":166,"column":31}},"166":{"start":{"line":167,"column":0},"end":{"line":167,"column":41}},"167":{"start":{"line":168,"column":0},"end":{"line":168,"column":39}},"168":{"start":{"line":169,"column":0},"end":{"line":169,"column":151}},"169":{"start":{"line":170,"column":0},"end":{"line":170,"column":15}},"170":{"start":{"line":171,"column":0},"end":{"line":171,"column":48}},"171":{"start":{"line":172,"column":0},"end":{"line":172,"column":54}},"172":{"start":{"line":173,"column":0},"end":{"line":173,"column":50}},"173":{"start":{"line":174,"column":0},"end":{"line":174,"column":58}},"174":{"start":{"line":175,"column":0},"end":{"line":175,"column":23}},"175":{"start":{"line":176,"column":0},"end":{"line":176,"column":18}},"176":{"start":{"line":177,"column":0},"end":{"line":177,"column":0}},"177":{"start":{"line":178,"column":0},"end":{"line":178,"column":17}},"178":{"start":{"line":179,"column":0},"end":{"line":179,"column":97}},"179":{"start":{"line":180,"column":0},"end":{"line":180,"column":24}},"180":{"start":{"line":181,"column":0},"end":{"line":181,"column":22}},"181":{"start":{"line":182,"column":0},"end":{"line":182,"column":21}},"182":{"start":{"line":183,"column":0},"end":{"line":183,"column":29}},"183":{"start":{"line":184,"column":0},"end":{"line":184,"column":31}},"184":{"start":{"line":185,"column":0},"end":{"line":185,"column":41}},"185":{"start":{"line":186,"column":0},"end":{"line":186,"column":39}},"186":{"start":{"line":187,"column":0},"end":{"line":187,"column":151}},"187":{"start":{"line":188,"column":0},"end":{"line":188,"column":15}},"188":{"start":{"line":189,"column":0},"end":{"line":189,"column":48}},"189":{"start":{"line":190,"column":0},"end":{"line":190,"column":54}},"190":{"start":{"line":191,"column":0},"end":{"line":191,"column":50}},"191":{"start":{"line":192,"column":0},"end":{"line":192,"column":23}},"192":{"start":{"line":193,"column":0},"end":{"line":193,"column":18}},"193":{"start":{"line":194,"column":0},"end":{"line":194,"column":0}},"194":{"start":{"line":195,"column":0},"end":{"line":195,"column":17}},"195":{"start":{"line":196,"column":0},"end":{"line":196,"column":95}},"196":{"start":{"line":197,"column":0},"end":{"line":197,"column":22}},"197":{"start":{"line":198,"column":0},"end":{"line":198,"column":22}},"198":{"start":{"line":199,"column":0},"end":{"line":199,"column":21}},"199":{"start":{"line":200,"column":0},"end":{"line":200,"column":27}},"200":{"start":{"line":201,"column":0},"end":{"line":201,"column":29}},"201":{"start":{"line":202,"column":0},"end":{"line":202,"column":39}},"202":{"start":{"line":203,"column":0},"end":{"line":203,"column":39}},"203":{"start":{"line":204,"column":0},"end":{"line":204,"column":151}},"204":{"start":{"line":205,"column":0},"end":{"line":205,"column":15}},"205":{"start":{"line":206,"column":0},"end":{"line":206,"column":50}},"206":{"start":{"line":207,"column":0},"end":{"line":207,"column":64}},"207":{"start":{"line":208,"column":0},"end":{"line":208,"column":58}},"208":{"start":{"line":209,"column":0},"end":{"line":209,"column":54}},"209":{"start":{"line":210,"column":0},"end":{"line":210,"column":23}},"210":{"start":{"line":211,"column":0},"end":{"line":211,"column":18}},"211":{"start":{"line":212,"column":0},"end":{"line":212,"column":0}},"212":{"start":{"line":213,"column":0},"end":{"line":213,"column":17}},"213":{"start":{"line":214,"column":0},"end":{"line":214,"column":99}},"214":{"start":{"line":215,"column":0},"end":{"line":215,"column":29}},"215":{"start":{"line":216,"column":0},"end":{"line":216,"column":22}},"216":{"start":{"line":217,"column":0},"end":{"line":217,"column":20}},"217":{"start":{"line":218,"column":0},"end":{"line":218,"column":27}},"218":{"start":{"line":219,"column":0},"end":{"line":219,"column":31}},"219":{"start":{"line":220,"column":0},"end":{"line":220,"column":33}},"220":{"start":{"line":221,"column":0},"end":{"line":221,"column":43}},"221":{"start":{"line":222,"column":0},"end":{"line":222,"column":39}},"222":{"start":{"line":223,"column":0},"end":{"line":223,"column":138}},"223":{"start":{"line":224,"column":0},"end":{"line":224,"column":74}},"224":{"start":{"line":225,"column":0},"end":{"line":225,"column":19}},"225":{"start":{"line":226,"column":0},"end":{"line":226,"column":39}},"226":{"start":{"line":227,"column":0},"end":{"line":227,"column":16}},"227":{"start":{"line":228,"column":0},"end":{"line":228,"column":37}},"228":{"start":{"line":229,"column":0},"end":{"line":229,"column":80}},"229":{"start":{"line":230,"column":0},"end":{"line":230,"column":16}},"230":{"start":{"line":231,"column":0},"end":{"line":231,"column":18}},"231":{"start":{"line":232,"column":0},"end":{"line":232,"column":0}},"232":{"start":{"line":233,"column":0},"end":{"line":233,"column":17}},"233":{"start":{"line":234,"column":0},"end":{"line":234,"column":99}},"234":{"start":{"line":235,"column":0},"end":{"line":235,"column":27}},"235":{"start":{"line":236,"column":0},"end":{"line":236,"column":22}},"236":{"start":{"line":237,"column":0},"end":{"line":237,"column":20}},"237":{"start":{"line":238,"column":0},"end":{"line":238,"column":27}},"238":{"start":{"line":239,"column":0},"end":{"line":239,"column":31}},"239":{"start":{"line":240,"column":0},"end":{"line":240,"column":33}},"240":{"start":{"line":241,"column":0},"end":{"line":241,"column":43}},"241":{"start":{"line":242,"column":0},"end":{"line":242,"column":39}},"242":{"start":{"line":243,"column":0},"end":{"line":243,"column":151}},"243":{"start":{"line":244,"column":0},"end":{"line":244,"column":55}},"244":{"start":{"line":245,"column":0},"end":{"line":245,"column":16}},"245":{"start":{"line":246,"column":0},"end":{"line":246,"column":18}},"246":{"start":{"line":247,"column":0},"end":{"line":247,"column":0}},"247":{"start":{"line":248,"column":0},"end":{"line":248,"column":17}},"248":{"start":{"line":249,"column":0},"end":{"line":249,"column":100}},"249":{"start":{"line":250,"column":0},"end":{"line":250,"column":27}},"250":{"start":{"line":251,"column":0},"end":{"line":251,"column":22}},"251":{"start":{"line":252,"column":0},"end":{"line":252,"column":20}},"252":{"start":{"line":253,"column":0},"end":{"line":253,"column":27}},"253":{"start":{"line":254,"column":0},"end":{"line":254,"column":32}},"254":{"start":{"line":255,"column":0},"end":{"line":255,"column":34}},"255":{"start":{"line":256,"column":0},"end":{"line":256,"column":44}},"256":{"start":{"line":257,"column":0},"end":{"line":257,"column":39}},"257":{"start":{"line":258,"column":0},"end":{"line":258,"column":151}},"258":{"start":{"line":259,"column":0},"end":{"line":259,"column":59}},"259":{"start":{"line":260,"column":0},"end":{"line":260,"column":16}},"260":{"start":{"line":261,"column":0},"end":{"line":261,"column":18}},"261":{"start":{"line":262,"column":0},"end":{"line":262,"column":0}},"262":{"start":{"line":263,"column":0},"end":{"line":263,"column":43}},"263":{"start":{"line":264,"column":0},"end":{"line":264,"column":105}},"264":{"start":{"line":265,"column":0},"end":{"line":265,"column":34}},"265":{"start":{"line":266,"column":0},"end":{"line":266,"column":22}},"266":{"start":{"line":267,"column":0},"end":{"line":267,"column":23}},"267":{"start":{"line":268,"column":0},"end":{"line":268,"column":37}},"268":{"start":{"line":269,"column":0},"end":{"line":269,"column":39}},"269":{"start":{"line":270,"column":0},"end":{"line":270,"column":49}},"270":{"start":{"line":271,"column":0},"end":{"line":271,"column":39}},"271":{"start":{"line":272,"column":0},"end":{"line":272,"column":24}},"272":{"start":{"line":273,"column":0},"end":{"line":273,"column":151}},"273":{"start":{"line":274,"column":0},"end":{"line":274,"column":90}},"274":{"start":{"line":275,"column":0},"end":{"line":275,"column":16}},"275":{"start":{"line":276,"column":0},"end":{"line":276,"column":18}},"276":{"start":{"line":277,"column":0},"end":{"line":277,"column":16}},"277":{"start":{"line":278,"column":0},"end":{"line":278,"column":0}},"278":{"start":{"line":279,"column":0},"end":{"line":279,"column":68}},"279":{"start":{"line":280,"column":0},"end":{"line":280,"column":19}},"280":{"start":{"line":281,"column":0},"end":{"line":281,"column":27}},"281":{"start":{"line":282,"column":0},"end":{"line":282,"column":32}},"282":{"start":{"line":283,"column":0},"end":{"line":283,"column":115}},"283":{"start":{"line":284,"column":0},"end":{"line":284,"column":13}},"284":{"start":{"line":285,"column":0},"end":{"line":285,"column":20}},"285":{"start":{"line":286,"column":0},"end":{"line":286,"column":21}},"286":{"start":{"line":287,"column":0},"end":{"line":287,"column":19}},"287":{"start":{"line":288,"column":0},"end":{"line":288,"column":27}},"288":{"start":{"line":289,"column":0},"end":{"line":289,"column":32}},"289":{"start":{"line":290,"column":0},"end":{"line":290,"column":160}},"290":{"start":{"line":291,"column":0},"end":{"line":291,"column":13}},"291":{"start":{"line":292,"column":0},"end":{"line":292,"column":75}},"292":{"start":{"line":293,"column":0},"end":{"line":293,"column":21}},"293":{"start":{"line":294,"column":0},"end":{"line":294,"column":16}},"294":{"start":{"line":295,"column":0},"end":{"line":295,"column":15}},"295":{"start":{"line":296,"column":0},"end":{"line":296,"column":12}},"296":{"start":{"line":297,"column":0},"end":{"line":297,"column":10}},"297":{"start":{"line":298,"column":0},"end":{"line":298,"column":4}},"298":{"start":{"line":299,"column":0},"end":{"line":299,"column":2}},"299":{"start":{"line":300,"column":0},"end":{"line":300,"column":0}},"300":{"start":{"line":301,"column":0},"end":{"line":301,"column":23}}},"s":{"0":1,"1":1,"2":1,"3":1,"4":49,"5":49,"6":49,"7":49,"8":49,"9":49,"10":49,"11":49,"12":49,"13":49,"14":49,"15":49,"16":49,"17":49,"18":49,"19":7,"20":1,"21":1,"22":1,"23":1,"24":1,"25":1,"26":1,"27":1,"28":1,"29":1,"30":1,"31":1,"32":49,"33":49,"34":49,"35":4,"36":4,"37":4,"38":2,"39":2,"40":1,"41":1,"42":4,"43":4,"44":2,"45":2,"46":1,"47":1,"48":4,"49":4,"50":3,"51":3,"52":4,"53":4,"54":4,"55":4,"56":49,"57":49,"58":4,"59":4,"60":4,"61":3,"62":3,"63":1,"64":1,"65":1,"66":1,"67":4,"68":0,"69":0,"70":0,"71":0,"72":0,"73":0,"74":0,"75":0,"76":0,"77":0,"78":0,"79":0,"80":0,"81":4,"82":1,"83":1,"84":4,"85":49,"86":49,"87":35,"88":35,"89":35,"90":35,"91":35,"92":1,"93":1,"94":35,"95":49,"96":49,"97":49,"98":49,"99":49,"100":49,"101":49,"102":49,"103":49,"104":49,"105":49,"106":49,"107":49,"108":49,"109":49,"110":49,"111":49,"112":49,"113":0,"114":0,"115":0,"116":49,"117":49,"118":49,"119":49,"120":49,"121":49,"122":49,"123":49,"124":49,"125":49,"126":49,"127":49,"128":49,"129":49,"130":49,"131":49,"132":49,"133":49,"134":49,"135":3,"136":49,"137":49,"138":49,"139":49,"140":49,"141":49,"142":49,"143":49,"144":49,"145":49,"146":49,"147":49,"148":49,"149":49,"150":49,"151":49,"152":49,"153":49,"154":49,"155":4,"156":49,"157":49,"158":49,"159":49,"160":49,"161":49,"162":49,"163":49,"164":49,"165":49,"166":49,"167":49,"168":49,"169":49,"170":49,"171":49,"172":49,"173":49,"174":49,"175":49,"176":49,"177":49,"178":49,"179":49,"180":49,"181":49,"182":49,"183":49,"184":49,"185":49,"186":49,"187":49,"188":49,"189":49,"190":49,"191":49,"192":49,"193":49,"194":49,"195":49,"196":49,"197":49,"198":49,"199":49,"200":49,"201":49,"202":49,"203":49,"204":49,"205":49,"206":49,"207":49,"208":49,"209":49,"210":49,"211":49,"212":49,"213":49,"214":49,"215":49,"216":49,"217":49,"218":49,"219":49,"220":49,"221":49,"222":49,"223":49,"224":49,"225":49,"226":49,"227":49,"228":4,"229":49,"230":49,"231":49,"232":49,"233":49,"234":49,"235":49,"236":49,"237":49,"238":49,"239":49,"240":49,"241":49,"242":49,"243":49,"244":49,"245":49,"246":49,"247":49,"248":49,"249":49,"250":49,"251":49,"252":49,"253":49,"254":49,"255":49,"256":49,"257":49,"258":49,"259":49,"260":49,"261":49,"262":49,"263":49,"264":49,"265":49,"266":49,"267":49,"268":49,"269":49,"270":49,"271":49,"272":49,"273":49,"274":49,"275":49,"276":49,"277":49,"278":49,"279":49,"280":49,"281":49,"282":49,"283":49,"284":49,"285":49,"286":49,"287":49,"288":49,"289":49,"290":49,"291":49,"292":49,"293":49,"294":49,"295":49,"296":49,"297":49,"298":49,"299":1,"300":1},"branchMap":{"0":{"type":"branch","line":4,"loc":{"start":{"line":4,"column":16},"end":{"line":299,"column":2}},"locations":[{"start":{"line":4,"column":16},"end":{"line":299,"column":2}}]},"1":{"type":"branch","line":102,"loc":{"start":{"line":102,"column":13},"end":{"line":102,"column":32}},"locations":[{"start":{"line":102,"column":13},"end":{"line":102,"column":32}}]},"2":{"type":"branch","line":102,"loc":{"start":{"line":102,"column":19},"end":{"line":102,"column":49}},"locations":[{"start":{"line":102,"column":19},"end":{"line":102,"column":49}}]},"3":{"type":"branch","line":113,"loc":{"start":{"line":113,"column":18},"end":{"line":116,"column":18}},"locations":[{"start":{"line":113,"column":18},"end":{"line":116,"column":18}}]},"4":{"type":"branch","line":131,"loc":{"start":{"line":131,"column":25},"end":{"line":131,"column":52}},"locations":[{"start":{"line":131,"column":25},"end":{"line":131,"column":52}}]},"5":{"type":"branch","line":131,"loc":{"start":{"line":131,"column":33},"end":{"line":131,"column":69}},"locations":[{"start":{"line":131,"column":33},"end":{"line":131,"column":69}}]},"6":{"type":"branch","line":135,"loc":{"start":{"line":135,"column":22},"end":{"line":136,"column":75}},"locations":[{"start":{"line":135,"column":22},"end":{"line":136,"column":75}}]},"7":{"type":"branch","line":151,"loc":{"start":{"line":151,"column":25},"end":{"line":151,"column":58}},"locations":[{"start":{"line":151,"column":25},"end":{"line":151,"column":58}}]},"8":{"type":"branch","line":151,"loc":{"start":{"line":151,"column":39},"end":{"line":151,"column":75}},"locations":[{"start":{"line":151,"column":39},"end":{"line":151,"column":75}}]},"9":{"type":"branch","line":155,"loc":{"start":{"line":155,"column":22},"end":{"line":156,"column":81}},"locations":[{"start":{"line":155,"column":22},"end":{"line":156,"column":81}}]},"10":{"type":"branch","line":224,"loc":{"start":{"line":224,"column":25},"end":{"line":224,"column":57}},"locations":[{"start":{"line":224,"column":25},"end":{"line":224,"column":57}}]},"11":{"type":"branch","line":224,"loc":{"start":{"line":224,"column":38},"end":{"line":224,"column":74}},"locations":[{"start":{"line":224,"column":38},"end":{"line":224,"column":74}}]},"12":{"type":"branch","line":228,"loc":{"start":{"line":228,"column":22},"end":{"line":229,"column":80}},"locations":[{"start":{"line":228,"column":22},"end":{"line":229,"column":80}}]},"13":{"type":"branch","line":292,"loc":{"start":{"line":292,"column":15},"end":{"line":292,"column":40}},"locations":[{"start":{"line":292,"column":15},"end":{"line":292,"column":40}}]},"14":{"type":"branch","line":292,"loc":{"start":{"line":292,"column":25},"end":{"line":292,"column":75}},"locations":[{"start":{"line":292,"column":25},"end":{"line":292,"column":75}}]},"15":{"type":"branch","line":292,"loc":{"start":{"line":292,"column":40},"end":{"line":292,"column":61}},"locations":[{"start":{"line":292,"column":40},"end":{"line":292,"column":61}}]},"16":{"type":"branch","line":292,"loc":{"start":{"line":292,"column":46},"end":{"line":292,"column":75}},"locations":[{"start":{"line":292,"column":46},"end":{"line":292,"column":75}}]},"17":{"type":"branch","line":19,"loc":{"start":{"line":19,"column":12},"end":{"line":33,"column":5}},"locations":[{"start":{"line":19,"column":12},"end":{"line":33,"column":5}}]},"18":{"type":"branch","line":20,"loc":{"start":{"line":20,"column":13},"end":{"line":32,"column":5}},"locations":[{"start":{"line":20,"column":13},"end":{"line":32,"column":5}}]},"19":{"type":"branch","line":22,"loc":{"start":{"line":22,"column":19},"end":{"line":22,"column":31}},"locations":[{"start":{"line":22,"column":19},"end":{"line":22,"column":31}}]},"20":{"type":"branch","line":23,"loc":{"start":{"line":23,"column":25},"end":{"line":23,"column":43}},"locations":[{"start":{"line":23,"column":25},"end":{"line":23,"column":43}}]},"21":{"type":"branch","line":24,"loc":{"start":{"line":24,"column":22},"end":{"line":24,"column":43}},"locations":[{"start":{"line":24,"column":22},"end":{"line":24,"column":43}}]},"22":{"type":"branch","line":25,"loc":{"start":{"line":25,"column":20},"end":{"line":25,"column":37}},"locations":[{"start":{"line":25,"column":20},"end":{"line":25,"column":37}}]},"23":{"type":"branch","line":26,"loc":{"start":{"line":26,"column":22},"end":{"line":26,"column":43}},"locations":[{"start":{"line":26,"column":22},"end":{"line":26,"column":43}}]},"24":{"type":"branch","line":27,"loc":{"start":{"line":27,"column":24},"end":{"line":27,"column":41}},"locations":[{"start":{"line":27,"column":24},"end":{"line":27,"column":41}}]},"25":{"type":"branch","line":35,"loc":{"start":{"line":35,"column":23},"end":{"line":56,"column":4}},"locations":[{"start":{"line":35,"column":23},"end":{"line":56,"column":4}}]},"26":{"type":"branch","line":38,"loc":{"start":{"line":38,"column":32},"end":{"line":42,"column":5}},"locations":[{"start":{"line":38,"column":32},"end":{"line":42,"column":5}}]},"27":{"type":"branch","line":40,"loc":{"start":{"line":40,"column":44},"end":{"line":42,"column":5}},"locations":[{"start":{"line":40,"column":44},"end":{"line":42,"column":5}}]},"28":{"type":"branch","line":44,"loc":{"start":{"line":44,"column":38},"end":{"line":48,"column":5}},"locations":[{"start":{"line":44,"column":38},"end":{"line":48,"column":5}}]},"29":{"type":"branch","line":46,"loc":{"start":{"line":46,"column":51},"end":{"line":48,"column":5}},"locations":[{"start":{"line":46,"column":51},"end":{"line":48,"column":5}}]},"30":{"type":"branch","line":50,"loc":{"start":{"line":50,"column":37},"end":{"line":52,"column":5}},"locations":[{"start":{"line":50,"column":37},"end":{"line":52,"column":5}}]},"31":{"type":"branch","line":58,"loc":{"start":{"line":58,"column":23},"end":{"line":85,"column":4}},"locations":[{"start":{"line":58,"column":23},"end":{"line":85,"column":4}}]},"32":{"type":"branch","line":61,"loc":{"start":{"line":61,"column":25},"end":{"line":63,"column":5}},"locations":[{"start":{"line":61,"column":25},"end":{"line":63,"column":5}}]},"33":{"type":"branch","line":63,"loc":{"start":{"line":63,"column":4},"end":{"line":68,"column":13}},"locations":[{"start":{"line":63,"column":4},"end":{"line":68,"column":13}}]},"34":{"type":"branch","line":68,"loc":{"start":{"line":68,"column":4},"end":{"line":82,"column":6}},"locations":[{"start":{"line":68,"column":4},"end":{"line":82,"column":6}}]},"35":{"type":"branch","line":82,"loc":{"start":{"line":82,"column":4},"end":{"line":84,"column":5}},"locations":[{"start":{"line":82,"column":4},"end":{"line":84,"column":5}}]},"36":{"type":"branch","line":87,"loc":{"start":{"line":87,"column":23},"end":{"line":95,"column":4}},"locations":[{"start":{"line":87,"column":23},"end":{"line":95,"column":4}}]},"37":{"type":"branch","line":92,"loc":{"start":{"line":92,"column":22},"end":{"line":94,"column":5}},"locations":[{"start":{"line":92,"column":22},"end":{"line":94,"column":5}}]},"38":{"type":"branch","line":89,"loc":{"start":{"line":89,"column":16},"end":{"line":89,"column":52}},"locations":[{"start":{"line":89,"column":16},"end":{"line":89,"column":52}}]},"39":{"type":"branch","line":93,"loc":{"start":{"line":93,"column":16},"end":{"line":93,"column":49}},"locations":[{"start":{"line":93,"column":16},"end":{"line":93,"column":49}}]}},"b":{"0":[49],"1":[2],"2":[46],"3":[0],"4":[3],"5":[45],"6":[3],"7":[4],"8":[44],"9":[4],"10":[4],"11":[44],"12":[4],"13":[1],"14":[47],"15":[2],"16":[45],"17":[7],"18":[1],"19":[0],"20":[0],"21":[0],"22":[0],"23":[0],"24":[0],"25":[4],"26":[2],"27":[1],"28":[2],"29":[1],"30":[3],"31":[4],"32":[3],"33":[1],"34":[0],"35":[1],"36":[35],"37":[1],"38":[35],"39":[1]},"fnMap":{"0":{"name":"BugForm","decl":{"start":{"line":4,"column":16},"end":{"line":299,"column":2}},"loc":{"start":{"line":4,"column":16},"end":{"line":299,"column":2}},"line":4},"1":{"name":"validateForm","decl":{"start":{"line":35,"column":23},"end":{"line":56,"column":4}},"loc":{"start":{"line":35,"column":23},"end":{"line":56,"column":4}},"line":35},"2":{"name":"handleSubmit","decl":{"start":{"line":58,"column":23},"end":{"line":85,"column":4}},"loc":{"start":{"line":58,"column":23},"end":{"line":85,"column":4}},"line":58},"3":{"name":"handleChange","decl":{"start":{"line":87,"column":23},"end":{"line":95,"column":4}},"loc":{"start":{"line":87,"column":23},"end":{"line":95,"column":4}},"line":87}},"f":{"0":49,"1":4,"2":4,"3":35}}
,"C:\\Users\\FFF\\Desktop\\PLP\\MERN\\week6\\project\\client\\src\\components\\BugList.jsx": {"path":"C:\\Users\\FFF\\Desktop\\PLP\\MERN\\week6\\project\\client\\src\\components\\BugList.jsx","all":false,"statementMap":{"0":{"start":{"line":1,"column":0},"end":{"line":1,"column":26}},"1":{"start":{"line":2,"column":0},"end":{"line":2,"column":75}},"2":{"start":{"line":3,"column":0},"end":{"line":3,"column":0}},"3":{"start":{"line":4,"column":0},"end":{"line":4,"column":49}},"4":{"start":{"line":5,"column":0},"end":{"line":5,"column":42}},"5":{"start":{"line":6,"column":0},"end":{"line":6,"column":20}},"6":{"start":{"line":7,"column":0},"end":{"line":7,"column":41}},"7":{"start":{"line":8,"column":0},"end":{"line":8,"column":46}},"8":{"start":{"line":9,"column":0},"end":{"line":9,"column":44}},"9":{"start":{"line":10,"column":0},"end":{"line":10,"column":41}},"10":{"start":{"line":11,"column":0},"end":{"line":11,"column":6}},"11":{"start":{"line":12,"column":0},"end":{"line":12,"column":59}},"12":{"start":{"line":13,"column":0},"end":{"line":13,"column":4}},"13":{"start":{"line":14,"column":0},"end":{"line":14,"column":0}},"14":{"start":{"line":15,"column":0},"end":{"line":15,"column":38}},"15":{"start":{"line":16,"column":0},"end":{"line":16,"column":20}},"16":{"start":{"line":17,"column":0},"end":{"line":17,"column":40}},"17":{"start":{"line":18,"column":0},"end":{"line":18,"column":53}},"18":{"start":{"line":19,"column":0},"end":{"line":19,"column":46}},"19":{"start":{"line":20,"column":0},"end":{"line":20,"column":41}},"20":{"start":{"line":21,"column":0},"end":{"line":21,"column":6}},"21":{"start":{"line":22,"column":0},"end":{"line":22,"column":57}},"22":{"start":{"line":23,"column":0},"end":{"line":23,"column":4}},"23":{"start":{"line":24,"column":0},"end":{"line":24,"column":0}},"24":{"start":{"line":25,"column":0},"end":{"line":25,"column":41}},"25":{"start":{"line":26,"column":0},"end":{"line":26,"column":24}},"26":{"start":{"line":27,"column":0},"end":{"line":27,"column":28}},"27":{"start":{"line":28,"column":0},"end":{"line":28,"column":32}},"28":{"start":{"line":29,"column":0},"end":{"line":29,"column":26}},"29":{"start":{"line":30,"column":0},"end":{"line":30,"column":6}},"30":{"start":{"line":31,"column":0},"end":{"line":31,"column":51}},"31":{"start":{"line":32,"column":0},"end":{"line":32,"column":4}},"32":{"start":{"line":33,"column":0},"end":{"line":33,"column":0}},"33":{"start":{"line":34,"column":0},"end":{"line":34,"column":26}},"34":{"start":{"line":35,"column":0},"end":{"line":35,"column":12}},"35":{"start":{"line":36,"column":0},"end":{"line":36,"column":94}},"36":{"start":{"line":37,"column":0},"end":{"line":37,"column":69}},"37":{"start":{"line":38,"column":0},"end":{"line":38,"column":81}},"38":{"start":{"line":39,"column":0},"end":{"line":39,"column":50}},"39":{"start":{"line":40,"column":0},"end":{"line":40,"column":64}},"40":{"start":{"line":41,"column":0},"end":{"line":41,"column":12}},"41":{"start":{"line":42,"column":0},"end":{"line":42,"column":12}},"42":{"start":{"line":43,"column":0},"end":{"line":43,"column":6}},"43":{"start":{"line":44,"column":0},"end":{"line":44,"column":3}},"44":{"start":{"line":45,"column":0},"end":{"line":45,"column":0}},"45":{"start":{"line":46,"column":0},"end":{"line":46,"column":10}},"46":{"start":{"line":47,"column":0},"end":{"line":47,"column":31}},"47":{"start":{"line":48,"column":0},"end":{"line":48,"column":26}},"48":{"start":{"line":49,"column":0},"end":{"line":49,"column":12}},"49":{"start":{"line":50,"column":0},"end":{"line":50,"column":23}},"50":{"start":{"line":51,"column":0},"end":{"line":51,"column":125}},"51":{"start":{"line":52,"column":0},"end":{"line":52,"column":9}},"52":{"start":{"line":53,"column":0},"end":{"line":53,"column":60}},"53":{"start":{"line":54,"column":0},"end":{"line":54,"column":36}},"54":{"start":{"line":55,"column":0},"end":{"line":55,"column":60}},"55":{"start":{"line":56,"column":0},"end":{"line":56,"column":81}},"56":{"start":{"line":57,"column":0},"end":{"line":57,"column":29}},"57":{"start":{"line":58,"column":0},"end":{"line":58,"column":21}},"58":{"start":{"line":59,"column":0},"end":{"line":59,"column":88}},"59":{"start":{"line":60,"column":0},"end":{"line":60,"column":20}},"60":{"start":{"line":61,"column":0},"end":{"line":61,"column":14}},"61":{"start":{"line":62,"column":0},"end":{"line":62,"column":61}},"62":{"start":{"line":63,"column":0},"end":{"line":63,"column":33}},"63":{"start":{"line":64,"column":0},"end":{"line":64,"column":18}},"64":{"start":{"line":65,"column":0},"end":{"line":65,"column":0}},"65":{"start":{"line":66,"column":0},"end":{"line":66,"column":57}},"66":{"start":{"line":67,"column":0},"end":{"line":67,"column":142}},"67":{"start":{"line":68,"column":0},"end":{"line":68,"column":32}},"68":{"start":{"line":69,"column":0},"end":{"line":69,"column":23}},"69":{"start":{"line":70,"column":0},"end":{"line":70,"column":138}},"70":{"start":{"line":71,"column":0},"end":{"line":71,"column":48}},"71":{"start":{"line":72,"column":0},"end":{"line":72,"column":23}},"72":{"start":{"line":73,"column":0},"end":{"line":73,"column":132}},"73":{"start":{"line":74,"column":0},"end":{"line":74,"column":41}},"74":{"start":{"line":75,"column":0},"end":{"line":75,"column":23}},"75":{"start":{"line":76,"column":0},"end":{"line":76,"column":20}},"76":{"start":{"line":77,"column":0},"end":{"line":77,"column":0}},"77":{"start":{"line":78,"column":0},"end":{"line":78,"column":77}},"78":{"start":{"line":79,"column":0},"end":{"line":79,"column":57}},"79":{"start":{"line":80,"column":0},"end":{"line":80,"column":46}},"80":{"start":{"line":81,"column":0},"end":{"line":81,"column":59}},"81":{"start":{"line":82,"column":0},"end":{"line":82,"column":22}},"82":{"start":{"line":83,"column":0},"end":{"line":83,"column":36}},"83":{"start":{"line":84,"column":0},"end":{"line":84,"column":59}},"84":{"start":{"line":85,"column":0},"end":{"line":85,"column":48}},"85":{"start":{"line":86,"column":0},"end":{"line":86,"column":61}},"86":{"start":{"line":87,"column":0},"end":{"line":87,"column":24}},"87":{"start":{"line":88,"column":0},"end":{"line":88,"column":18}},"88":{"start":{"line":89,"column":0},"end":{"line":89,"column":57}},"89":{"start":{"line":90,"column":0},"end":{"line":90,"column":50}},"90":{"start":{"line":91,"column":0},"end":{"line":91,"column":77}},"91":{"start":{"line":92,"column":0},"end":{"line":92,"column":22}},"92":{"start":{"line":93,"column":0},"end":{"line":93,"column":20}},"93":{"start":{"line":94,"column":0},"end":{"line":94,"column":18}},"94":{"start":{"line":95,"column":0},"end":{"line":95,"column":0}},"95":{"start":{"line":96,"column":0},"end":{"line":96,"column":58}},"96":{"start":{"line":97,"column":0},"end":{"line":97,"column":21}},"97":{"start":{"line":98,"column":0},"end":{"line":98,"column":43}},"98":{"start":{"line":99,"column":0},"end":{"line":99,"column":124}},"99":{"start":{"line":100,"column":0},"end":{"line":100,"column":32}},"100":{"start":{"line":101,"column":0},"end":{"line":101,"column":15}},"101":{"start":{"line":102,"column":0},"end":{"line":102,"column":44}},"102":{"start":{"line":103,"column":0},"end":{"line":103,"column":23}},"103":{"start":{"line":104,"column":0},"end":{"line":104,"column":21}},"104":{"start":{"line":105,"column":0},"end":{"line":105,"column":32}},"105":{"start":{"line":106,"column":0},"end":{"line":106,"column":84}},"106":{"start":{"line":107,"column":0},"end":{"line":107,"column":38}},"107":{"start":{"line":108,"column":0},"end":{"line":108,"column":19}},"108":{"start":{"line":109,"column":0},"end":{"line":109,"column":18}},"109":{"start":{"line":110,"column":0},"end":{"line":110,"column":122}},"110":{"start":{"line":111,"column":0},"end":{"line":111,"column":34}},"111":{"start":{"line":112,"column":0},"end":{"line":112,"column":15}},"112":{"start":{"line":113,"column":0},"end":{"line":113,"column":46}},"113":{"start":{"line":114,"column":0},"end":{"line":114,"column":23}},"114":{"start":{"line":115,"column":0},"end":{"line":115,"column":18}},"115":{"start":{"line":116,"column":0},"end":{"line":116,"column":16}},"116":{"start":{"line":117,"column":0},"end":{"line":117,"column":14}},"117":{"start":{"line":118,"column":0},"end":{"line":118,"column":9}},"118":{"start":{"line":119,"column":0},"end":{"line":119,"column":10}},"119":{"start":{"line":120,"column":0},"end":{"line":120,"column":4}},"120":{"start":{"line":121,"column":0},"end":{"line":121,"column":2}},"121":{"start":{"line":122,"column":0},"end":{"line":122,"column":0}},"122":{"start":{"line":123,"column":0},"end":{"line":123,"column":23}}},"s":{"0":1,"1":1,"2":1,"3":1,"4":6,"5":10,"6":10,"7":10,"8":10,"9":10,"10":10,"11":10,"12":10,"13":6,"14":6,"15":10,"16":10,"17":10,"18":10,"19":10,"20":10,"21":10,"22":10,"23":6,"24":6,"25":10,"26":10,"27":10,"28":10,"29":10,"30":10,"31":10,"32":6,"33":6,"34":1,"35":1,"36":1,"37":1,"38":1,"39":1,"40":1,"41":1,"42":1,"43":1,"44":5,"45":5,"46":5,"47":5,"48":10,"49":10,"50":10,"51":10,"52":10,"53":10,"54":10,"55":10,"56":10,"57":10,"58":10,"59":10,"60":10,"61":10,"62":10,"63":10,"64":10,"65":10,"66":10,"67":10,"68":10,"69":10,"70":10,"71":10,"72":10,"73":10,"74":10,"75":10,"76":10,"77":10,"78":10,"79":10,"80":10,"81":10,"82":10,"83":5,"84":5,"85":5,"86":5,"87":10,"88":10,"89":10,"90":10,"91":10,"92":10,"93":10,"94":10,"95":10,"96":10,"97":10,"98":10,"99":10,"100":10,"101":10,"102":10,"103":10,"104":10,"105":1,"106":1,"107":1,"108":1,"109":10,"110":10,"111":10,"112":10,"113":10,"114":10,"115":10,"116":10,"117":5,"118":5,"119":5,"120":5,"121":1,"122":1},"branchMap":{"0":{"type":"branch","line":4,"loc":{"start":{"line":4,"column":16},"end":{"line":121,"column":2}},"locations":[{"start":{"line":4,"column":16},"end":{"line":121,"column":2}}]},"1":{"type":"branch","line":34,"loc":{"start":{"line":34,"column":25},"end":{"line":44,"column":3}},"locations":[{"start":{"line":34,"column":25},"end":{"line":44,"column":3}}]},"2":{"type":"branch","line":44,"loc":{"start":{"line":44,"column":2},"end":{"line":121,"column":2}},"locations":[{"start":{"line":44,"column":2},"end":{"line":121,"column":2}}]},"3":{"type":"branch","line":5,"loc":{"start":{"line":5,"column":27},"end":{"line":13,"column":4}},"locations":[{"start":{"line":5,"column":27},"end":{"line":13,"column":4}}]},"4":{"type":"branch","line":12,"loc":{"start":{"line":12,"column":26},"end":{"line":12,"column":59}},"locations":[{"start":{"line":12,"column":26},"end":{"line":12,"column":59}}]},"5":{"type":"branch","line":15,"loc":{"start":{"line":15,"column":25},"end":{"line":23,"column":4}},"locations":[{"start":{"line":15,"column":25},"end":{"line":23,"column":4}}]},"6":{"type":"branch","line":22,"loc":{"start":{"line":22,"column":24},"end":{"line":22,"column":57}},"locations":[{"start":{"line":22,"column":24},"end":{"line":22,"column":57}}]},"7":{"type":"branch","line":25,"loc":{"start":{"line":25,"column":26},"end":{"line":32,"column":4}},"locations":[{"start":{"line":25,"column":26},"end":{"line":32,"column":4}}]},"8":{"type":"branch","line":31,"loc":{"start":{"line":31,"column":30},"end":{"line":31,"column":51}},"locations":[{"start":{"line":31,"column":30},"end":{"line":31,"column":51}}]},"9":{"type":"branch","line":48,"loc":{"start":{"line":48,"column":16},"end":{"line":117,"column":14}},"locations":[{"start":{"line":48,"column":16},"end":{"line":117,"column":14}}]},"10":{"type":"branch","line":83,"loc":{"start":{"line":83,"column":21},"end":{"line":87,"column":24}},"locations":[{"start":{"line":83,"column":21},"end":{"line":87,"column":24}}]},"11":{"type":"branch","line":98,"loc":{"start":{"line":98,"column":25},"end":{"line":98,"column":43}},"locations":[{"start":{"line":98,"column":25},"end":{"line":98,"column":43}}]},"12":{"type":"branch","line":105,"loc":{"start":{"line":105,"column":25},"end":{"line":109,"column":18}},"locations":[{"start":{"line":105,"column":25},"end":{"line":109,"column":18}}]}},"b":{"0":[6],"1":[1],"2":[5],"3":[10],"4":[0],"5":[10],"6":[0],"7":[10],"8":[0],"9":[10],"10":[5],"11":[1],"12":[1]},"fnMap":{"0":{"name":"BugList","decl":{"start":{"line":4,"column":16},"end":{"line":121,"column":2}},"loc":{"start":{"line":4,"column":16},"end":{"line":121,"column":2}},"line":4},"1":{"name":"getSeverityColor","decl":{"start":{"line":5,"column":27},"end":{"line":13,"column":4}},"loc":{"start":{"line":5,"column":27},"end":{"line":13,"column":4}},"line":5},"2":{"name":"getStatusColor","decl":{"start":{"line":15,"column":25},"end":{"line":23,"column":4}},"loc":{"start":{"line":15,"column":25},"end":{"line":23,"column":4}},"line":15},"3":{"name":"getPriorityIcon","decl":{"start":{"line":25,"column":26},"end":{"line":32,"column":4}},"loc":{"start":{"line":25,"column":26},"end":{"line":32,"column":4}},"line":25},"4":{"name":"onClick","decl":{"start":{"line":98,"column":25},"end":{"line":98,"column":43}},"loc":{"start":{"line":98,"column":25},"end":{"line":98,"column":43}},"line":98},"5":{"name":"onClick","decl":{"start":{"line":105,"column":25},"end":{"line":109,"column":18}},"loc":{"start":{"line":105,"column":25},"end":{"line":109,"column":18}},"line":105}},"f":{"0":6,"1":10,"2":10,"3":10,"4":1,"5":1}}
,"C:\\Users\\FFF\\Desktop\\PLP\\MERN\\week6\\project\\client\\src\\components\\BugStats.jsx": {"path":"C:\\Users\\FFF\\Desktop\\PLP\\MERN\\week6\\project\\client\\src\\components\\BugStats.jsx","all":true,"statementMap":{"0":{"start":{"line":1,"column":0},"end":{"line":1,"column":26}},"1":{"start":{"line":2,"column":0},"end":{"line":2,"column":68}},"2":{"start":{"line":3,"column":0},"end":{"line":3,"column":0}},"3":{"start":{"line":4,"column":0},"end":{"line":4,"column":32}},"4":{"start":{"line":5,"column":0},"end":{"line":5,"column":17}},"5":{"start":{"line":6,"column":0},"end":{"line":6,"column":23}},"6":{"start":{"line":7,"column":0},"end":{"line":7,"column":59}},"7":{"start":{"line":8,"column":0},"end":{"line":8,"column":72}},"8":{"start":{"line":9,"column":0},"end":{"line":9,"column":67}},"9":{"start":{"line":10,"column":0},"end":{"line":10,"column":68}},"10":{"start":{"line":11,"column":0},"end":{"line":11,"column":4}},"11":{"start":{"line":12,"column":0},"end":{"line":12,"column":0}},"12":{"start":{"line":13,"column":0},"end":{"line":13,"column":70}},"13":{"start":{"line":14,"column":0},"end":{"line":14,"column":72}},"14":{"start":{"line":15,"column":0},"end":{"line":15,"column":57}},"15":{"start":{"line":16,"column":0},"end":{"line":16,"column":13}},"16":{"start":{"line":17,"column":0},"end":{"line":17,"column":70}},"17":{"start":{"line":18,"column":0},"end":{"line":18,"column":69}},"18":{"start":{"line":19,"column":0},"end":{"line":19,"column":14}},"19":{"start":{"line":20,"column":0},"end":{"line":20,"column":51}},"20":{"start":{"line":21,"column":0},"end":{"line":21,"column":49}},"21":{"start":{"line":22,"column":0},"end":{"line":22,"column":14}},"22":{"start":{"line":23,"column":0},"end":{"line":23,"column":12}},"23":{"start":{"line":24,"column":0},"end":{"line":24,"column":10}},"24":{"start":{"line":25,"column":0},"end":{"line":25,"column":4}},"25":{"start":{"line":26,"column":0},"end":{"line":26,"column":0}},"26":{"start":{"line":27,"column":0},"end":{"line":27,"column":10}},"27":{"start":{"line":28,"column":0},"end":{"line":28,"column":79}},"28":{"start":{"line":29,"column":0},"end":{"line":29,"column":15}},"29":{"start":{"line":30,"column":0},"end":{"line":30,"column":26}},"30":{"start":{"line":31,"column":0},"end":{"line":31,"column":27}},"31":{"start":{"line":32,"column":0},"end":{"line":32,"column":18}},"32":{"start":{"line":33,"column":0},"end":{"line":33,"column":27}},"33":{"start":{"line":34,"column":0},"end":{"line":34,"column":26}},"34":{"start":{"line":35,"column":0},"end":{"line":35,"column":8}},"35":{"start":{"line":36,"column":0},"end":{"line":36,"column":15}},"36":{"start":{"line":37,"column":0},"end":{"line":37,"column":20}},"37":{"start":{"line":38,"column":0},"end":{"line":38,"column":26}},"38":{"start":{"line":39,"column":0},"end":{"line":39,"column":26}},"39":{"start":{"line":40,"column":0},"end":{"line":40,"column":26}},"40":{"start":{"line":41,"column":0},"end":{"line":41,"column":26}},"41":{"start":{"line":42,"column":0},"end":{"line":42,"column":8}},"42":{"start":{"line":43,"column":0},"end":{"line":43,"column":15}},"43":{"start":{"line":44,"column":0},"end":{"line":44,"column":27}},"44":{"start":{"line":45,"column":0},"end":{"line":45,"column":32}},"45":{"start":{"line":46,"column":0},"end":{"line":46,"column":20}},"46":{"start":{"line":47,"column":0},"end":{"line":47,"column":29}},"47":{"start":{"line":48,"column":0},"end":{"line":48,"column":26}},"48":{"start":{"line":49,"column":0},"end":{"line":49,"column":8}},"49":{"start":{"line":50,"column":0},"end":{"line":50,"column":15}},"50":{"start":{"line":51,"column":0},"end":{"line":51,"column":24}},"51":{"start":{"line":52,"column":0},"end":{"line":52,"column":30}},"52":{"start":{"line":53,"column":0},"end":{"line":53,"column":26}},"53":{"start":{"line":54,"column":0},"end":{"line":54,"column":28}},"54":{"start":{"line":55,"column":0},"end":{"line":55,"column":26}},"55":{"start":{"line":56,"column":0},"end":{"line":56,"column":8}},"56":{"start":{"line":57,"column":0},"end":{"line":57,"column":15}},"57":{"start":{"line":58,"column":0},"end":{"line":58,"column":24}},"58":{"start":{"line":59,"column":0},"end":{"line":59,"column":30}},"59":{"start":{"line":60,"column":0},"end":{"line":60,"column":26}},"60":{"start":{"line":61,"column":0},"end":{"line":61,"column":29}},"61":{"start":{"line":62,"column":0},"end":{"line":62,"column":26}},"62":{"start":{"line":63,"column":0},"end":{"line":63,"column":8}},"63":{"start":{"line":64,"column":0},"end":{"line":64,"column":10}},"64":{"start":{"line":65,"column":0},"end":{"line":65,"column":4}},"65":{"start":{"line":66,"column":0},"end":{"line":66,"column":2}},"66":{"start":{"line":67,"column":0},"end":{"line":67,"column":0}},"67":{"start":{"line":68,"column":0},"end":{"line":68,"column":24}}},"s":{"0":0,"1":0,"2":0,"3":0,"4":0,"5":0,"6":0,"7":0,"8":0,"9":0,"10":0,"11":0,"12":0,"13":0,"14":0,"15":0,"16":0,"17":0,"18":0,"19":0,"20":0,"21":0,"22":0,"23":0,"24":0,"25":0,"26":0,"27":0,"28":0,"29":0,"30":0,"31":0,"32":0,"33":0,"34":0,"35":0,"36":0,"37":0,"38":0,"39":0,"40":0,"41":0,"42":0,"43":0,"44":0,"45":0,"46":0,"47":0,"48":0,"49":0,"50":0,"51":0,"52":0,"53":0,"54":0,"55":0,"56":0,"57":0,"58":0,"59":0,"60":0,"61":0,"62":0,"63":0,"64":0,"65":0,"66":0,"67":0},"branchMap":{"0":{"type":"branch","line":1,"loc":{"start":{"line":1,"column":0},"end":{"line":68,"column":-1050}},"locations":[{"start":{"line":1,"column":0},"end":{"line":68,"column":-1050}}]}},"b":{"0":[0]},"fnMap":{"0":{"name":"(empty-report)","decl":{"start":{"line":1,"column":0},"end":{"line":68,"column":-1050}},"loc":{"start":{"line":1,"column":0},"end":{"line":68,"column":-1050}},"line":1}},"f":{"0":0}}
,"C:\\Users\\FFF\\Desktop\\PLP\\MERN\\week6\\project\\client\\src\\components\\ErrorBoundary.jsx": {"path":"C:\\Users\\FFF\\Desktop\\PLP\\MERN\\week6\\project\\client\\src\\components\\ErrorBoundary.jsx","all":true,"statementMap":{"0":{"start":{"line":1,"column":0},"end":{"line":1,"column":26}},"1":{"start":{"line":2,"column":0},"end":{"line":2,"column":56}},"2":{"start":{"line":3,"column":0},"end":{"line":3,"column":0}},"3":{"start":{"line":4,"column":0},"end":{"line":4,"column":45}},"4":{"start":{"line":5,"column":0},"end":{"line":5,"column":22}},"5":{"start":{"line":6,"column":0},"end":{"line":6,"column":17}},"6":{"start":{"line":7,"column":0},"end":{"line":7,"column":67}},"7":{"start":{"line":8,"column":0},"end":{"line":8,"column":3}},"8":{"start":{"line":9,"column":0},"end":{"line":9,"column":0}},"9":{"start":{"line":10,"column":0},"end":{"line":10,"column":42}},"10":{"start":{"line":11,"column":0},"end":{"line":11,"column":64}},"11":{"start":{"line":12,"column":0},"end":{"line":12,"column":30}},"12":{"start":{"line":13,"column":0},"end":{"line":13,"column":3}},"13":{"start":{"line":14,"column":0},"end":{"line":14,"column":0}},"14":{"start":{"line":15,"column":0},"end":{"line":15,"column":39}},"15":{"start":{"line":16,"column":0},"end":{"line":16,"column":24}},"16":{"start":{"line":17,"column":0},"end":{"line":17,"column":74}},"17":{"start":{"line":18,"column":0},"end":{"line":18,"column":4}},"18":{"start":{"line":19,"column":0},"end":{"line":19,"column":19}},"19":{"start":{"line":20,"column":0},"end":{"line":20,"column":19}},"20":{"start":{"line":21,"column":0},"end":{"line":21,"column":26}},"21":{"start":{"line":22,"column":0},"end":{"line":22,"column":7}},"22":{"start":{"line":23,"column":0},"end":{"line":23,"column":3}},"23":{"start":{"line":24,"column":0},"end":{"line":24,"column":0}},"24":{"start":{"line":25,"column":0},"end":{"line":25,"column":23}},"25":{"start":{"line":26,"column":0},"end":{"line":26,"column":69}},"26":{"start":{"line":27,"column":0},"end":{"line":27,"column":4}},"27":{"start":{"line":28,"column":0},"end":{"line":28,"column":0}},"28":{"start":{"line":29,"column":0},"end":{"line":29,"column":12}},"29":{"start":{"line":30,"column":0},"end":{"line":30,"column":30}},"30":{"start":{"line":31,"column":0},"end":{"line":31,"column":14}},"31":{"start":{"line":32,"column":0},"end":{"line":32,"column":86}},"32":{"start":{"line":33,"column":0},"end":{"line":33,"column":89}},"33":{"start":{"line":34,"column":0},"end":{"line":34,"column":109}},"34":{"start":{"line":35,"column":0},"end":{"line":35,"column":64}},"35":{"start":{"line":36,"column":0},"end":{"line":36,"column":18}},"36":{"start":{"line":37,"column":0},"end":{"line":37,"column":12}},"37":{"start":{"line":38,"column":0},"end":{"line":38,"column":69}},"38":{"start":{"line":39,"column":0},"end":{"line":39,"column":40}},"39":{"start":{"line":40,"column":0},"end":{"line":40,"column":17}},"40":{"start":{"line":41,"column":0},"end":{"line":41,"column":12}},"41":{"start":{"line":42,"column":0},"end":{"line":42,"column":46}},"42":{"start":{"line":43,"column":0},"end":{"line":43,"column":115}},"43":{"start":{"line":44,"column":0},"end":{"line":44,"column":16}},"44":{"start":{"line":45,"column":0},"end":{"line":45,"column":12}},"45":{"start":{"line":46,"column":0},"end":{"line":46,"column":76}},"46":{"start":{"line":47,"column":0},"end":{"line":47,"column":50}},"47":{"start":{"line":48,"column":0},"end":{"line":48,"column":91}},"48":{"start":{"line":49,"column":0},"end":{"line":49,"column":50}},"49":{"start":{"line":50,"column":0},"end":{"line":50,"column":26}},"50":{"start":{"line":51,"column":0},"end":{"line":51,"column":105}},"51":{"start":{"line":52,"column":0},"end":{"line":52,"column":94}},"52":{"start":{"line":53,"column":0},"end":{"line":53,"column":98}},"53":{"start":{"line":54,"column":0},"end":{"line":54,"column":22}},"54":{"start":{"line":55,"column":0},"end":{"line":55,"column":24}},"55":{"start":{"line":56,"column":0},"end":{"line":56,"column":14}},"56":{"start":{"line":57,"column":0},"end":{"line":57,"column":12}},"57":{"start":{"line":58,"column":0},"end":{"line":58,"column":40}},"58":{"start":{"line":59,"column":0},"end":{"line":59,"column":21}},"59":{"start":{"line":60,"column":0},"end":{"line":60,"column":56}},"60":{"start":{"line":61,"column":0},"end":{"line":61,"column":117}},"61":{"start":{"line":62,"column":0},"end":{"line":62,"column":15}},"62":{"start":{"line":63,"column":0},"end":{"line":63,"column":27}},"63":{"start":{"line":64,"column":0},"end":{"line":64,"column":23}},"64":{"start":{"line":65,"column":0},"end":{"line":65,"column":21}},"65":{"start":{"line":66,"column":0},"end":{"line":66,"column":42}},"66":{"start":{"line":67,"column":0},"end":{"line":67,"column":160}},"67":{"start":{"line":68,"column":0},"end":{"line":68,"column":15}},"68":{"start":{"line":69,"column":0},"end":{"line":69,"column":49}},"69":{"start":{"line":70,"column":0},"end":{"line":70,"column":25}},"70":{"start":{"line":71,"column":0},"end":{"line":71,"column":23}},"71":{"start":{"line":72,"column":0},"end":{"line":72,"column":18}},"72":{"start":{"line":73,"column":0},"end":{"line":73,"column":16}},"73":{"start":{"line":74,"column":0},"end":{"line":74,"column":14}},"74":{"start":{"line":75,"column":0},"end":{"line":75,"column":8}},"75":{"start":{"line":76,"column":0},"end":{"line":76,"column":5}},"76":{"start":{"line":77,"column":0},"end":{"line":77,"column":0}},"77":{"start":{"line":78,"column":0},"end":{"line":78,"column":31}},"78":{"start":{"line":79,"column":0},"end":{"line":79,"column":3}},"79":{"start":{"line":80,"column":0},"end":{"line":80,"column":1}},"80":{"start":{"line":81,"column":0},"end":{"line":81,"column":0}},"81":{"start":{"line":82,"column":0},"end":{"line":82,"column":29}}},"s":{"0":0,"1":0,"2":0,"3":0,"4":0,"5":0,"6":0,"7":0,"8":0,"9":0,"10":0,"11":0,"12":0,"13":0,"14":0,"15":0,"16":0,"17":0,"18":0,"19":0,"20":0,"21":0,"22":0,"23":0,"24":0,"25":0,"26":0,"27":0,"28":0,"29":0,"30":0,"31":0,"32":0,"33":0,"34":0,"35":0,"36":0,"37":0,"38":0,"39":0,"40":0,"41":0,"42":0,"43":0,"44":0,"45":0,"46":0,"47":0,"48":0,"49":0,"50":0,"51":0,"52":0,"53":0,"54":0,"55":0,"56":0,"57":0,"58":0,"59":0,"60":0,"61":0,"62":0,"63":0,"64":0,"65":0,"66":0,"67":0,"68":0,"69":0,"70":0,"71":0,"72":0,"73":0,"74":0,"75":0,"76":0,"77":0,"78":0,"79":0,"80":0,"81":0},"branchMap":{"0":{"type":"branch","line":1,"loc":{"start":{"line":1,"column":0},"end":{"line":82,"column":-1209}},"locations":[{"start":{"line":1,"column":0},"end":{"line":82,"column":-1209}}]}},"b":{"0":[0]},"fnMap":{"0":{"name":"(empty-report)","decl":{"start":{"line":1,"column":0},"end":{"line":82,"column":-1209}},"loc":{"start":{"line":1,"column":0},"end":{"line":82,"column":-1209}},"line":1}},"f":{"0":0}}
,"C:\\Users\\FFF\\Desktop\\PLP\\MERN\\week6\\project\\client\\src\\components\\LoadingSpinner.jsx": {"path":"C:\\Users\\FFF\\Desktop\\PLP\\MERN\\week6\\project\\client\\src\\components\\LoadingSpinner.jsx","all":true,"statementMap":{"0":{"start":{"line":1,"column":0},"end":{"line":1,"column":26}},"1":{"start":{"line":2,"column":0},"end":{"line":2,"column":39}},"2":{"start":{"line":3,"column":0},"end":{"line":3,"column":0}},"3":{"start":{"line":4,"column":0},"end":{"line":4,"column":73}},"4":{"start":{"line":5,"column":0},"end":{"line":5,"column":23}},"5":{"start":{"line":6,"column":0},"end":{"line":6,"column":21}},"6":{"start":{"line":7,"column":0},"end":{"line":7,"column":22}},"7":{"start":{"line":8,"column":0},"end":{"line":8,"column":22}},"8":{"start":{"line":9,"column":0},"end":{"line":9,"column":4}},"9":{"start":{"line":10,"column":0},"end":{"line":10,"column":0}},"10":{"start":{"line":11,"column":0},"end":{"line":11,"column":10}},"11":{"start":{"line":12,"column":0},"end":{"line":12,"column":69}},"12":{"start":{"line":13,"column":0},"end":{"line":13,"column":84}},"13":{"start":{"line":14,"column":0},"end":{"line":14,"column":56}},"14":{"start":{"line":15,"column":0},"end":{"line":15,"column":10}},"15":{"start":{"line":16,"column":0},"end":{"line":16,"column":4}},"16":{"start":{"line":17,"column":0},"end":{"line":17,"column":2}},"17":{"start":{"line":18,"column":0},"end":{"line":18,"column":0}},"18":{"start":{"line":19,"column":0},"end":{"line":19,"column":30}}},"s":{"0":0,"1":0,"2":0,"3":0,"4":0,"5":0,"6":0,"7":0,"8":0,"9":0,"10":0,"11":0,"12":0,"13":0,"14":0,"15":0,"16":0,"17":0,"18":0},"branchMap":{"0":{"type":"branch","line":1,"loc":{"start":{"line":1,"column":0},"end":{"line":19,"column":-227}},"locations":[{"start":{"line":1,"column":0},"end":{"line":19,"column":-227}}]}},"b":{"0":[0]},"fnMap":{"0":{"name":"(empty-report)","decl":{"start":{"line":1,"column":0},"end":{"line":19,"column":-227}},"loc":{"start":{"line":1,"column":0},"end":{"line":19,"column":-227}},"line":1}},"f":{"0":0}}
,"C:\\Users\\FFF\\Desktop\\PLP\\MERN\\week6\\project\\client\\src\\services\\bugService.js": {"path":"C:\\Users\\FFF\\Desktop\\PLP\\MERN\\week6\\project\\client\\src\\services\\bugService.js","all":false,"statementMap":{"0":{"start":{"line":1,"column":0},"end":{"line":1,"column":49}},"1":{"start":{"line":2,"column":0},"end":{"line":2,"column":0}},"2":{"start":{"line":3,"column":0},"end":{"line":3,"column":18}},"3":{"start":{"line":4,"column":0},"end":{"line":4,"column":40}},"4":{"start":{"line":5,"column":0},"end":{"line":5,"column":9}},"5":{"start":{"line":6,"column":0},"end":{"line":6,"column":71}},"6":{"start":{"line":7,"column":0},"end":{"line":7,"column":6}},"7":{"start":{"line":8,"column":0},"end":{"line":8,"column":41}},"8":{"start":{"line":9,"column":0},"end":{"line":9,"column":18}},"9":{"start":{"line":10,"column":0},"end":{"line":10,"column":45}},"10":{"start":{"line":11,"column":0},"end":{"line":11,"column":29}},"11":{"start":{"line":12,"column":0},"end":{"line":12,"column":10}},"12":{"start":{"line":13,"column":0},"end":{"line":13,"column":19}},"13":{"start":{"line":14,"column":0},"end":{"line":14,"column":9}},"14":{"start":{"line":15,"column":0},"end":{"line":15,"column":0}},"15":{"start":{"line":16,"column":0},"end":{"line":16,"column":41}},"16":{"start":{"line":17,"column":0},"end":{"line":17,"column":6}},"17":{"start":{"line":18,"column":0},"end":{"line":18,"column":25}},"18":{"start":{"line":19,"column":0},"end":{"line":19,"column":61}},"19":{"start":{"line":20,"column":0},"end":{"line":20,"column":70}},"20":{"start":{"line":21,"column":0},"end":{"line":21,"column":59}},"21":{"start":{"line":22,"column":0},"end":{"line":22,"column":20}},"22":{"start":{"line":23,"column":0},"end":{"line":23,"column":7}},"23":{"start":{"line":24,"column":0},"end":{"line":24,"column":0}},"24":{"start":{"line":25,"column":0},"end":{"line":25,"column":42}},"25":{"start":{"line":26,"column":0},"end":{"line":26,"column":18}},"26":{"start":{"line":27,"column":0},"end":{"line":27,"column":21}},"27":{"start":{"line":28,"column":0},"end":{"line":28,"column":47}},"28":{"start":{"line":29,"column":0},"end":{"line":29,"column":74}},"29":{"start":{"line":30,"column":0},"end":{"line":30,"column":95}},"30":{"start":{"line":31,"column":0},"end":{"line":31,"column":7}},"31":{"start":{"line":32,"column":0},"end":{"line":32,"column":18}},"32":{"start":{"line":33,"column":0},"end":{"line":33,"column":5}},"33":{"start":{"line":34,"column":0},"end":{"line":34,"column":3}},"34":{"start":{"line":35,"column":0},"end":{"line":35,"column":0}},"35":{"start":{"line":36,"column":0},"end":{"line":36,"column":31}},"36":{"start":{"line":37,"column":0},"end":{"line":37,"column":41}},"37":{"start":{"line":38,"column":0},"end":{"line":38,"column":4}},"38":{"start":{"line":39,"column":0},"end":{"line":39,"column":55}},"39":{"start":{"line":40,"column":0},"end":{"line":40,"column":43}},"40":{"start":{"line":41,"column":0},"end":{"line":41,"column":7}},"41":{"start":{"line":42,"column":0},"end":{"line":42,"column":4}},"42":{"start":{"line":43,"column":0},"end":{"line":43,"column":42}},"43":{"start":{"line":44,"column":0},"end":{"line":44,"column":78}},"44":{"start":{"line":45,"column":0},"end":{"line":45,"column":4}},"45":{"start":{"line":46,"column":0},"end":{"line":46,"column":33}},"46":{"start":{"line":47,"column":0},"end":{"line":47,"column":3}},"47":{"start":{"line":48,"column":0},"end":{"line":48,"column":0}},"48":{"start":{"line":49,"column":0},"end":{"line":49,"column":20}},"49":{"start":{"line":50,"column":0},"end":{"line":50,"column":58}},"50":{"start":{"line":51,"column":0},"end":{"line":51,"column":3}},"51":{"start":{"line":52,"column":0},"end":{"line":52,"column":0}},"52":{"start":{"line":53,"column":0},"end":{"line":53,"column":28}},"53":{"start":{"line":54,"column":0},"end":{"line":54,"column":53}},"54":{"start":{"line":55,"column":0},"end":{"line":55,"column":21}},"55":{"start":{"line":56,"column":0},"end":{"line":56,"column":36}},"56":{"start":{"line":57,"column":0},"end":{"line":57,"column":7}},"57":{"start":{"line":58,"column":0},"end":{"line":58,"column":3}},"58":{"start":{"line":59,"column":0},"end":{"line":59,"column":0}},"59":{"start":{"line":60,"column":0},"end":{"line":60,"column":32}},"60":{"start":{"line":61,"column":0},"end":{"line":61,"column":59}},"61":{"start":{"line":62,"column":0},"end":{"line":62,"column":20}},"62":{"start":{"line":63,"column":0},"end":{"line":63,"column":36}},"63":{"start":{"line":64,"column":0},"end":{"line":64,"column":7}},"64":{"start":{"line":65,"column":0},"end":{"line":65,"column":3}},"65":{"start":{"line":66,"column":0},"end":{"line":66,"column":0}},"66":{"start":{"line":67,"column":0},"end":{"line":67,"column":23}},"67":{"start":{"line":68,"column":0},"end":{"line":68,"column":59}},"68":{"start":{"line":69,"column":0},"end":{"line":69,"column":23}},"69":{"start":{"line":70,"column":0},"end":{"line":70,"column":7}},"70":{"start":{"line":71,"column":0},"end":{"line":71,"column":3}},"71":{"start":{"line":72,"column":0},"end":{"line":72,"column":1}},"72":{"start":{"line":73,"column":0},"end":{"line":73,"column":0}},"73":{"start":{"line":74,"column":0},"end":{"line":74,"column":42}}},"s":{"0":1,"1":1,"2":1,"3":1,"4":7,"5":7,"6":7,"7":7,"8":7,"9":7,"10":7,"11":7,"12":7,"13":7,"14":6,"15":6,"16":6,"17":7,"18":1,"19":1,"20":1,"21":1,"22":1,"23":5,"24":5,"25":5,"26":7,"27":2,"28":2,"29":1,"30":1,"31":1,"32":1,"33":7,"34":1,"35":1,"36":4,"37":4,"38":4,"39":2,"40":4,"41":4,"42":4,"43":4,"44":4,"45":4,"46":4,"47":1,"48":1,"49":0,"50":0,"51":1,"52":1,"53":1,"54":1,"55":1,"56":1,"57":1,"58":1,"59":1,"60":1,"61":1,"62":1,"63":1,"64":1,"65":1,"66":1,"67":1,"68":1,"69":1,"70":1,"71":1,"72":1,"73":1},"branchMap":{"0":{"type":"branch","line":4,"loc":{"start":{"line":4,"column":2},"end":{"line":34,"column":3}},"locations":[{"start":{"line":4,"column":2},"end":{"line":34,"column":3}}]},"1":{"type":"branch","line":6,"loc":{"start":{"line":6,"column":52},"end":{"line":6,"column":60}},"locations":[{"start":{"line":6,"column":52},"end":{"line":6,"column":60}}]},"2":{"type":"branch","line":14,"loc":{"start":{"line":14,"column":8},"end":{"line":18,"column":24}},"locations":[{"start":{"line":14,"column":8},"end":{"line":18,"column":24}}]},"3":{"type":"branch","line":18,"loc":{"start":{"line":18,"column":24},"end":{"line":23,"column":7}},"locations":[{"start":{"line":18,"column":24},"end":{"line":23,"column":7}}]},"4":{"type":"branch","line":20,"loc":{"start":{"line":20,"column":45},"end":{"line":20,"column":68}},"locations":[{"start":{"line":20,"column":45},"end":{"line":20,"column":68}}]},"5":{"type":"branch","line":23,"loc":{"start":{"line":23,"column":6},"end":{"line":27,"column":6}},"locations":[{"start":{"line":23,"column":6},"end":{"line":27,"column":6}}]},"6":{"type":"branch","line":27,"loc":{"start":{"line":27,"column":6},"end":{"line":33,"column":5}},"locations":[{"start":{"line":27,"column":6},"end":{"line":33,"column":5}}]},"7":{"type":"branch","line":29,"loc":{"start":{"line":29,"column":37},"end":{"line":29,"column":71}},"locations":[{"start":{"line":29,"column":37},"end":{"line":29,"column":71}}]},"8":{"type":"branch","line":29,"loc":{"start":{"line":29,"column":73},"end":{"line":33,"column":5}},"locations":[{"start":{"line":29,"column":73},"end":{"line":33,"column":5}}]},"9":{"type":"branch","line":36,"loc":{"start":{"line":36,"column":2},"end":{"line":47,"column":3}},"locations":[{"start":{"line":36,"column":2},"end":{"line":47,"column":3}}]},"10":{"type":"branch","line":44,"loc":{"start":{"line":44,"column":51},"end":{"line":44,"column":70}},"locations":[{"start":{"line":44,"column":51},"end":{"line":44,"column":70}}]},"11":{"type":"branch","line":44,"loc":{"start":{"line":44,"column":71},"end":{"line":44,"column":75}},"locations":[{"start":{"line":44,"column":71},"end":{"line":44,"column":75}}]},"12":{"type":"branch","line":39,"loc":{"start":{"line":39,"column":36},"end":{"line":41,"column":5}},"locations":[{"start":{"line":39,"column":36},"end":{"line":41,"column":5}}]},"13":{"type":"branch","line":53,"loc":{"start":{"line":53,"column":2},"end":{"line":58,"column":3}},"locations":[{"start":{"line":53,"column":2},"end":{"line":58,"column":3}}]},"14":{"type":"branch","line":60,"loc":{"start":{"line":60,"column":2},"end":{"line":65,"column":3}},"locations":[{"start":{"line":60,"column":2},"end":{"line":65,"column":3}}]},"15":{"type":"branch","line":67,"loc":{"start":{"line":67,"column":2},"end":{"line":71,"column":3}},"locations":[{"start":{"line":67,"column":2},"end":{"line":71,"column":3}}]}},"b":{"0":[7],"1":[4],"2":[6],"3":[1],"4":[0],"5":[5],"6":[2],"7":[1],"8":[1],"9":[4],"10":[1],"11":[3],"12":[2],"13":[1],"14":[1],"15":[1]},"fnMap":{"0":{"name":"makeRequest","decl":{"start":{"line":4,"column":2},"end":{"line":34,"column":3}},"loc":{"start":{"line":4,"column":2},"end":{"line":34,"column":3}},"line":4},"1":{"name":"getBugs","decl":{"start":{"line":36,"column":2},"end":{"line":47,"column":3}},"loc":{"start":{"line":36,"column":2},"end":{"line":47,"column":3}},"line":36},"2":{"name":"getBug","decl":{"start":{"line":49,"column":2},"end":{"line":51,"column":3}},"loc":{"start":{"line":49,"column":2},"end":{"line":51,"column":3}},"line":49},"3":{"name":"createBug","decl":{"start":{"line":53,"column":2},"end":{"line":58,"column":3}},"loc":{"start":{"line":53,"column":2},"end":{"line":58,"column":3}},"line":53},"4":{"name":"updateBug","decl":{"start":{"line":60,"column":2},"end":{"line":65,"column":3}},"loc":{"start":{"line":60,"column":2},"end":{"line":65,"column":3}},"line":60},"5":{"name":"deleteBug","decl":{"start":{"line":67,"column":2},"end":{"line":71,"column":3}},"loc":{"start":{"line":67,"column":2},"end":{"line":71,"column":3}},"line":67}},"f":{"0":7,"1":4,"2":0,"3":1,"4":1,"5":1}}
}
